0 info it worked if it ends with ok
1 verbose cli [ 'C:\\Program Files\\nodejs\\node.exe',
1 verbose cli   'C:\\Users\\christos\\AppData\\Roaming\\npm\\node_modules\\npm\\bin\\npm-cli.js',
1 verbose cli   'install',
1 verbose cli   'imports-loader',
1 verbose cli   '--save' ]
2 info using npm@3.5.2
3 info using node@v4.2.3
4 silly loadCurrentTree Starting
5 silly install loadCurrentTree
6 silly install readLocalPackageData
7 silly fetchPackageMetaData imports-loader
8 silly fetchNamedPackageData imports-loader
9 silly mapToRegistry name imports-loader
10 silly mapToRegistry using default registry
11 silly mapToRegistry registry https://registry.npmjs.org/
12 silly mapToRegistry uri https://registry.npmjs.org/imports-loader
13 verbose request uri https://registry.npmjs.org/imports-loader
14 verbose request no auth needed
15 info attempt registry request try #1 at 01:36:17
16 verbose request id 05c1872b1aa6d906
17 verbose etag "OFTEHL37INBZQPWBUVN1FOZG"
18 http request GET https://registry.npmjs.org/imports-loader
19 http 304 https://registry.npmjs.org/imports-loader
20 verbose headers { date: 'Mon, 07 Mar 2016 00:36:19 GMT',
20 verbose headers   via: '1.1 varnish',
20 verbose headers   'cache-control': 'max-age=300',
20 verbose headers   etag: '"OFTEHL37INBZQPWBUVN1FOZG"',
20 verbose headers   age: '0',
20 verbose headers   connection: 'keep-alive',
20 verbose headers   'x-served-by': 'cache-ams4121-AMS',
20 verbose headers   'x-cache': 'HIT',
20 verbose headers   'x-cache-hits': '1',
20 verbose headers   'x-timer': 'S1457310979.230823,VS0,VE405',
20 verbose headers   vary: 'Accept' }
21 silly get cb [ 304,
21 silly get   { date: 'Mon, 07 Mar 2016 00:36:19 GMT',
21 silly get     via: '1.1 varnish',
21 silly get     'cache-control': 'max-age=300',
21 silly get     etag: '"OFTEHL37INBZQPWBUVN1FOZG"',
21 silly get     age: '0',
21 silly get     connection: 'keep-alive',
21 silly get     'x-served-by': 'cache-ams4121-AMS',
21 silly get     'x-cache': 'HIT',
21 silly get     'x-cache-hits': '1',
21 silly get     'x-timer': 'S1457310979.230823,VS0,VE405',
21 silly get     vary: 'Accept' } ]
22 verbose etag https://registry.npmjs.org/imports-loader from cache
23 verbose get saving imports-loader to C:\Users\christos\AppData\Roaming\npm-cache\registry.npmjs.org\imports-loader\.cache.json
24 silly install normalizeTree
25 silly loadCurrentTree Finishing
26 silly loadIdealTree Starting
27 silly install loadIdealTree
28 silly cloneCurrentTree Starting
29 silly install cloneCurrentTreeToIdealTree
30 silly cloneCurrentTree Finishing
31 silly loadShrinkwrap Starting
32 silly install loadShrinkwrap
33 silly loadShrinkwrap Finishing
34 silly loadAllDepsIntoIdealTree Starting
35 silly install loadAllDepsIntoIdealTree
36 silly resolveWithNewModule imports-loader@0.6.5 checking installable status
37 silly cache add args [ 'imports-loader', null ]
38 verbose cache add spec imports-loader
39 silly cache add parsed spec Result {
39 silly cache add   raw: 'imports-loader',
39 silly cache add   scope: null,
39 silly cache add   name: 'imports-loader',
39 silly cache add   rawSpec: '',
39 silly cache add   spec: 'latest',
39 silly cache add   type: 'tag' }
40 silly addNamed imports-loader@latest
41 verbose addNamed "latest" is being treated as a dist-tag for imports-loader
42 info addNameTag [ 'imports-loader', 'latest' ]
43 silly mapToRegistry name imports-loader
44 silly mapToRegistry using default registry
45 silly mapToRegistry registry https://registry.npmjs.org/
46 silly mapToRegistry uri https://registry.npmjs.org/imports-loader
47 verbose addNameTag registry:https://registry.npmjs.org/imports-loader not in flight; fetching
48 verbose get https://registry.npmjs.org/imports-loader not expired, no request
49 silly addNameTag next cb for imports-loader with tag latest
50 silly addNamed imports-loader@0.6.5
51 verbose addNamed "0.6.5" is a plain semver version for imports-loader
52 silly cache afterAdd imports-loader@0.6.5
53 verbose afterAdd C:\Users\christos\AppData\Roaming\npm-cache\imports-loader\0.6.5\package\package.json not in flight; writing
54 verbose afterAdd C:\Users\christos\AppData\Roaming\npm-cache\imports-loader\0.6.5\package\package.json written
55 silly loadAllDepsIntoIdealTree Finishing
56 silly idealTree:prePrune play@1.0.0
56 silly idealTree:prePrune ├── abbrev@1.0.7
56 silly idealTree:prePrune ├── alphanum-sort@1.0.2
56 silly idealTree:prePrune ├── amdefine@1.0.0
56 silly idealTree:prePrune ├── ansi-regex@2.0.0
56 silly idealTree:prePrune ├── ansi-styles@2.2.0
56 silly idealTree:prePrune ├── ansi@0.3.1
56 silly idealTree:prePrune ├── are-we-there-yet@1.0.6
56 silly idealTree:prePrune ├── argparse@1.0.6
56 silly idealTree:prePrune ├── array-find-index@1.0.1
56 silly idealTree:prePrune ├── array-index@1.0.0
56 silly idealTree:prePrune ├── asap@2.0.3
56 silly idealTree:prePrune ├── asn1@0.2.3
56 silly idealTree:prePrune ├── assert-plus@0.2.0
56 silly idealTree:prePrune ├── async-foreach@0.1.3
56 silly idealTree:prePrune ├── async@1.5.2
56 silly idealTree:prePrune ├── autoprefixer@6.3.3
56 silly idealTree:prePrune ├── aws-sign2@0.6.0
56 silly idealTree:prePrune ├── aws4@1.3.2
56 silly idealTree:prePrune ├── babel-code-frame@6.6.0
56 silly idealTree:prePrune ├─┬ babel-core@6.6.4
56 silly idealTree:prePrune │ └── source-map@0.5.3
56 silly idealTree:prePrune ├─┬ babel-generator@6.6.4
56 silly idealTree:prePrune │ └── source-map@0.5.3
56 silly idealTree:prePrune ├── babel-helper-builder-react-jsx@6.6.4
56 silly idealTree:prePrune ├── babel-helpers@6.6.0
56 silly idealTree:prePrune ├── babel-loader@6.2.4
56 silly idealTree:prePrune ├── babel-messages@6.6.0
56 silly idealTree:prePrune ├── babel-plugin-syntax-flow@6.5.0
56 silly idealTree:prePrune ├── babel-plugin-syntax-jsx@6.5.0
56 silly idealTree:prePrune ├── babel-plugin-transform-flow-strip-types@6.6.4
56 silly idealTree:prePrune ├── babel-plugin-transform-react-display-name@6.5.0
56 silly idealTree:prePrune ├── babel-plugin-transform-react-jsx-source@6.5.0
56 silly idealTree:prePrune ├── babel-plugin-transform-react-jsx@6.6.4
56 silly idealTree:prePrune ├── babel-preset-react@6.5.0
56 silly idealTree:prePrune ├─┬ babel-register@6.6.0
56 silly idealTree:prePrune │ └── core-js@2.1.3
56 silly idealTree:prePrune ├── babel-runtime@5.8.35
56 silly idealTree:prePrune ├── babel-template@6.6.4
56 silly idealTree:prePrune ├── babel-traverse@6.6.4
56 silly idealTree:prePrune ├── babel-types@6.6.4
56 silly idealTree:prePrune ├── babylon@6.6.4
56 silly idealTree:prePrune ├── balanced-match@0.3.0
56 silly idealTree:prePrune ├── base62@0.1.1
56 silly idealTree:prePrune ├── big.js@3.1.3
56 silly idealTree:prePrune ├── bl@1.0.3
56 silly idealTree:prePrune ├── block-stream@0.0.8
56 silly idealTree:prePrune ├── boom@2.10.1
56 silly idealTree:prePrune ├── brace-expansion@1.1.3
56 silly idealTree:prePrune ├── browserslist@1.1.3
56 silly idealTree:prePrune ├── builtin-modules@1.1.1
56 silly idealTree:prePrune ├── camelcase-keys@2.0.0
56 silly idealTree:prePrune ├── camelcase@2.1.0
56 silly idealTree:prePrune ├── caniuse-db@1.0.30000416
56 silly idealTree:prePrune ├── caseless@0.11.0
56 silly idealTree:prePrune ├── chalk@1.1.1
56 silly idealTree:prePrune ├── clap@1.0.10
56 silly idealTree:prePrune ├── cliui@3.1.0
56 silly idealTree:prePrune ├── coa@1.0.1
56 silly idealTree:prePrune ├── code-point-at@1.0.0
56 silly idealTree:prePrune ├── color-convert@1.0.0
56 silly idealTree:prePrune ├── color-name@1.1.1
56 silly idealTree:prePrune ├── color-string@0.3.0
56 silly idealTree:prePrune ├─┬ color@0.11.1
56 silly idealTree:prePrune │ └── color-convert@0.5.3
56 silly idealTree:prePrune ├── colormin@1.1.0
56 silly idealTree:prePrune ├── colors@1.1.2
56 silly idealTree:prePrune ├── combined-stream@1.0.5
56 silly idealTree:prePrune ├── commander@2.9.0
56 silly idealTree:prePrune ├── concat-map@0.0.1
56 silly idealTree:prePrune ├── concat-stream@1.5.1
56 silly idealTree:prePrune ├── config-chain@1.1.10
56 silly idealTree:prePrune ├── convert-source-map@1.2.0
56 silly idealTree:prePrune ├── core-js@1.2.6
56 silly idealTree:prePrune ├── core-util-is@1.0.2
56 silly idealTree:prePrune ├── cross-spawn-async@2.1.9
56 silly idealTree:prePrune ├── cross-spawn@2.1.5
56 silly idealTree:prePrune ├── cryptiles@2.0.5
56 silly idealTree:prePrune ├── css-color-names@0.0.3
56 silly idealTree:prePrune ├── css-loader@0.23.1
56 silly idealTree:prePrune ├── css-selector-tokenizer@0.5.4
56 silly idealTree:prePrune ├── cssesc@0.1.0
56 silly idealTree:prePrune ├── cssnano@3.5.2
56 silly idealTree:prePrune ├── csso@1.4.4
56 silly idealTree:prePrune ├── d@0.1.1
56 silly idealTree:prePrune ├─┬ dashdash@1.13.0
56 silly idealTree:prePrune │ └── assert-plus@1.0.0
56 silly idealTree:prePrune ├── debug@2.2.0
56 silly idealTree:prePrune ├── decamelize@1.1.2
56 silly idealTree:prePrune ├── defined@1.0.0
56 silly idealTree:prePrune ├── delayed-stream@1.0.0
56 silly idealTree:prePrune ├── delegates@1.0.0
56 silly idealTree:prePrune ├── detect-indent@3.0.1
56 silly idealTree:prePrune ├── ecc-jsbn@0.1.1
56 silly idealTree:prePrune ├── envify@3.4.0
56 silly idealTree:prePrune ├── error-ex@1.3.0
56 silly idealTree:prePrune ├── es5-ext@0.10.11
56 silly idealTree:prePrune ├── es6-iterator@2.0.0
56 silly idealTree:prePrune ├── es6-symbol@3.0.2
56 silly idealTree:prePrune ├── escape-string-regexp@1.0.5
56 silly idealTree:prePrune ├── esprima-fb@13001.1001.0-dev-harmony-fb
56 silly idealTree:prePrune ├── esutils@2.0.2
56 silly idealTree:prePrune ├── extend@3.0.0
56 silly idealTree:prePrune ├── extsprintf@1.0.2
56 silly idealTree:prePrune ├── fastparse@1.1.1
56 silly idealTree:prePrune ├── fbjs@0.6.1
56 silly idealTree:prePrune ├─┬ find-up@1.1.1
56 silly idealTree:prePrune │ └── path-exists@2.1.0
56 silly idealTree:prePrune ├── flatten@1.0.2
56 silly idealTree:prePrune ├── forever-agent@0.6.1
56 silly idealTree:prePrune ├── form-data@1.0.0-rc3
56 silly idealTree:prePrune ├─┬ fstream@1.0.8
56 silly idealTree:prePrune │ └── graceful-fs@4.1.3
56 silly idealTree:prePrune ├── gauge@1.2.7
56 silly idealTree:prePrune ├── gaze@0.5.2
56 silly idealTree:prePrune ├── generate-function@2.0.0
56 silly idealTree:prePrune ├── generate-object-property@1.2.0
56 silly idealTree:prePrune ├── get-stdin@4.0.1
56 silly idealTree:prePrune ├── glob@5.0.15
56 silly idealTree:prePrune ├── globals@8.18.0
56 silly idealTree:prePrune ├─┬ globule@0.1.0
56 silly idealTree:prePrune │ ├── glob@3.1.21
56 silly idealTree:prePrune │ ├── inherits@1.0.2
56 silly idealTree:prePrune │ ├── lodash@1.0.2
56 silly idealTree:prePrune │ ├── lru-cache@2.7.3
56 silly idealTree:prePrune │ └── minimatch@0.2.14
56 silly idealTree:prePrune ├── graceful-fs@1.2.3
56 silly idealTree:prePrune ├── graceful-readlink@1.0.1
56 silly idealTree:prePrune ├── har-validator@2.0.6
56 silly idealTree:prePrune ├── has-ansi@2.0.0
56 silly idealTree:prePrune ├── has-flag@1.0.0
56 silly idealTree:prePrune ├── has-own@1.0.0
56 silly idealTree:prePrune ├── has-unicode@2.0.0
56 silly idealTree:prePrune ├── hawk@3.1.3
56 silly idealTree:prePrune ├── hoek@2.16.3
56 silly idealTree:prePrune ├── home-or-tmp@1.0.0
56 silly idealTree:prePrune ├── hosted-git-info@2.1.4
56 silly idealTree:prePrune ├── http-signature@1.1.1
56 silly idealTree:prePrune ├── icss-replace-symbols@1.0.2
56 silly idealTree:prePrune ├── imports-loader@0.6.5
56 silly idealTree:prePrune ├─┬ indent-string@2.1.0
56 silly idealTree:prePrune │ └── repeating@2.0.0
56 silly idealTree:prePrune ├── indexes-of@1.0.1
56 silly idealTree:prePrune ├── inflight@1.0.4
56 silly idealTree:prePrune ├── inherit@2.2.3
56 silly idealTree:prePrune ├── inherits@2.0.1
56 silly idealTree:prePrune ├── ini@1.3.4
56 silly idealTree:prePrune ├── invariant@2.2.0
56 silly idealTree:prePrune ├── invert-kv@1.0.0
56 silly idealTree:prePrune ├── is-absolute-url@2.0.0
56 silly idealTree:prePrune ├── is-absolute@0.1.7
56 silly idealTree:prePrune ├── is-arrayish@0.2.1
56 silly idealTree:prePrune ├── is-builtin-module@1.0.0
56 silly idealTree:prePrune ├── is-finite@1.0.1
56 silly idealTree:prePrune ├── is-fullwidth-code-point@1.0.0
56 silly idealTree:prePrune ├── is-integer@1.0.6
56 silly idealTree:prePrune ├── is-my-json-valid@2.13.1
56 silly idealTree:prePrune ├── is-plain-obj@1.1.0
56 silly idealTree:prePrune ├── is-property@1.0.2
56 silly idealTree:prePrune ├── is-relative@0.1.3
56 silly idealTree:prePrune ├── is-svg@1.1.1
56 silly idealTree:prePrune ├── is-typedarray@1.0.0
56 silly idealTree:prePrune ├── is-utf8@0.2.1
56 silly idealTree:prePrune ├── isarray@0.0.1
56 silly idealTree:prePrune ├── isexe@1.1.2
56 silly idealTree:prePrune ├── isstream@0.1.2
56 silly idealTree:prePrune ├── jodid25519@1.0.2
56 silly idealTree:prePrune ├── js-base64@2.1.9
56 silly idealTree:prePrune ├── js-tokens@1.0.2
56 silly idealTree:prePrune ├─┬ js-yaml@3.4.6
56 silly idealTree:prePrune │ └── esprima@2.7.2
56 silly idealTree:prePrune ├── jsbn@0.1.0
56 silly idealTree:prePrune ├── json-schema@0.2.2
56 silly idealTree:prePrune ├── json-stringify-safe@5.0.1
56 silly idealTree:prePrune ├── json5@0.4.0
56 silly idealTree:prePrune ├── jsonpointer@2.0.0
56 silly idealTree:prePrune ├── jsprim@1.2.2
56 silly idealTree:prePrune ├── jstransform@10.1.0
56 silly idealTree:prePrune ├── lcid@1.0.0
56 silly idealTree:prePrune ├── left-pad@0.0.3
56 silly idealTree:prePrune ├── line-numbers@0.2.0
56 silly idealTree:prePrune ├─┬ load-json-file@1.1.0
56 silly idealTree:prePrune │ └── graceful-fs@4.1.3
56 silly idealTree:prePrune ├── loader-utils@0.2.12
56 silly idealTree:prePrune ├── lodash._createcompounder@3.0.0
56 silly idealTree:prePrune ├── lodash._root@3.0.1
56 silly idealTree:prePrune ├── lodash.camelcase@3.0.1
56 silly idealTree:prePrune ├── lodash.deburr@3.2.0
56 silly idealTree:prePrune ├── lodash.pad@4.1.0
56 silly idealTree:prePrune ├── lodash.padend@4.2.0
56 silly idealTree:prePrune ├── lodash.padstart@4.2.0
56 silly idealTree:prePrune ├── lodash.repeat@4.0.0
56 silly idealTree:prePrune ├── lodash.tostring@4.1.2
56 silly idealTree:prePrune ├── lodash.words@3.2.0
56 silly idealTree:prePrune ├── lodash@3.10.1
56 silly idealTree:prePrune ├── loose-envify@1.1.0
56 silly idealTree:prePrune ├── loud-rejection@1.3.0
56 silly idealTree:prePrune ├── lru-cache@4.0.0
56 silly idealTree:prePrune ├── map-obj@1.0.1
56 silly idealTree:prePrune ├── meow@3.7.0
56 silly idealTree:prePrune ├── mime-db@1.22.0
56 silly idealTree:prePrune ├── mime-types@2.1.10
56 silly idealTree:prePrune ├── minimatch@2.0.10
56 silly idealTree:prePrune ├── minimist@1.2.0
56 silly idealTree:prePrune ├─┬ mkdirp@0.5.1
56 silly idealTree:prePrune │ └── minimist@0.0.8
56 silly idealTree:prePrune ├── ms@0.7.1
56 silly idealTree:prePrune ├── nan@2.2.0
56 silly idealTree:prePrune ├─┬ node-gyp@3.3.1
56 silly idealTree:prePrune │ ├─┬ glob@4.5.3
56 silly idealTree:prePrune │ │ └── minimatch@2.0.10
56 silly idealTree:prePrune │ ├── graceful-fs@4.1.3
56 silly idealTree:prePrune │ ├── lru-cache@2.7.3
56 silly idealTree:prePrune │ └── minimatch@1.0.0
56 silly idealTree:prePrune ├── node-sass-middleware@0.9.7
56 silly idealTree:prePrune ├── node-sass@3.4.2
56 silly idealTree:prePrune ├── node-uuid@1.4.7
56 silly idealTree:prePrune ├── nopt@3.0.6
56 silly idealTree:prePrune ├── normalize-package-data@2.3.5
56 silly idealTree:prePrune ├── normalize-range@0.1.2
56 silly idealTree:prePrune ├── normalize-url@1.4.1
56 silly idealTree:prePrune ├─┬ npmconf@2.1.2
56 silly idealTree:prePrune │ └── semver@4.3.6
56 silly idealTree:prePrune ├── npmlog@2.0.2
56 silly idealTree:prePrune ├── num2fraction@1.2.2
56 silly idealTree:prePrune ├── number-is-nan@1.0.0
56 silly idealTree:prePrune ├── oauth-sign@0.8.1
56 silly idealTree:prePrune ├── object-assign@4.0.1
56 silly idealTree:prePrune ├── once@1.3.3
56 silly idealTree:prePrune ├── os-homedir@1.0.1
56 silly idealTree:prePrune ├── os-locale@1.4.0
56 silly idealTree:prePrune ├── os-shim@0.1.3
56 silly idealTree:prePrune ├── os-tmpdir@1.0.1
56 silly idealTree:prePrune ├── osenv@0.1.3
56 silly idealTree:prePrune ├── parse-json@2.2.0
56 silly idealTree:prePrune ├── path-array@1.0.1
56 silly idealTree:prePrune ├── path-exists@1.0.0
56 silly idealTree:prePrune ├── path-is-absolute@1.0.0
56 silly idealTree:prePrune ├─┬ path-type@1.1.0
56 silly idealTree:prePrune │ └── graceful-fs@4.1.3
56 silly idealTree:prePrune ├── pify@2.3.0
56 silly idealTree:prePrune ├── pinkie-promise@2.0.0
56 silly idealTree:prePrune ├── pinkie@2.0.4
56 silly idealTree:prePrune ├── postcss-calc@5.2.0
56 silly idealTree:prePrune ├── postcss-colormin@2.2.0
56 silly idealTree:prePrune ├── postcss-convert-values@2.3.4
56 silly idealTree:prePrune ├── postcss-discard-comments@2.0.4
56 silly idealTree:prePrune ├── postcss-discard-duplicates@2.0.1
56 silly idealTree:prePrune ├── postcss-discard-empty@2.0.1
56 silly idealTree:prePrune ├── postcss-discard-unused@2.2.1
56 silly idealTree:prePrune ├── postcss-filter-plugins@2.0.0
56 silly idealTree:prePrune ├── postcss-merge-idents@2.1.5
56 silly idealTree:prePrune ├── postcss-merge-longhand@2.0.1
56 silly idealTree:prePrune ├── postcss-merge-rules@2.0.6
56 silly idealTree:prePrune ├── postcss-message-helpers@2.0.0
56 silly idealTree:prePrune ├── postcss-minify-font-values@1.0.3
56 silly idealTree:prePrune ├── postcss-minify-gradients@1.0.1
56 silly idealTree:prePrune ├── postcss-minify-params@1.0.4
56 silly idealTree:prePrune ├── postcss-minify-selectors@2.0.4
56 silly idealTree:prePrune ├── postcss-modules-extract-imports@1.0.0
56 silly idealTree:prePrune ├── postcss-modules-local-by-default@1.0.1
56 silly idealTree:prePrune ├── postcss-modules-scope@1.0.0
56 silly idealTree:prePrune ├── postcss-modules-values@1.1.1
56 silly idealTree:prePrune ├── postcss-normalize-charset@1.1.0
56 silly idealTree:prePrune ├── postcss-normalize-url@3.0.7
56 silly idealTree:prePrune ├── postcss-ordered-values@2.1.0
56 silly idealTree:prePrune ├── postcss-reduce-idents@2.3.0
56 silly idealTree:prePrune ├── postcss-reduce-transforms@1.0.3
56 silly idealTree:prePrune ├── postcss-selector-parser@1.3.3
56 silly idealTree:prePrune ├── postcss-svgo@2.1.2
56 silly idealTree:prePrune ├── postcss-unique-selectors@2.0.2
56 silly idealTree:prePrune ├── postcss-value-parser@3.3.0
56 silly idealTree:prePrune ├── postcss-zindex@2.0.1
56 silly idealTree:prePrune ├─┬ postcss@5.0.19
56 silly idealTree:prePrune │ ├── source-map@0.5.3
56 silly idealTree:prePrune │ └── supports-color@3.1.2
56 silly idealTree:prePrune ├── prepend-http@1.0.3
56 silly idealTree:prePrune ├── private@0.1.6
56 silly idealTree:prePrune ├── process-nextick-args@1.0.6
56 silly idealTree:prePrune ├── promise@7.1.1
56 silly idealTree:prePrune ├── proto-list@1.2.4
56 silly idealTree:prePrune ├── pseudomap@1.0.2
56 silly idealTree:prePrune ├── q@1.4.1
56 silly idealTree:prePrune ├── qs@6.0.2
56 silly idealTree:prePrune ├── query-string@3.0.1
56 silly idealTree:prePrune ├── react-dom@0.14.7
56 silly idealTree:prePrune ├── react@0.14.7
56 silly idealTree:prePrune ├── read-pkg-up@1.0.1
56 silly idealTree:prePrune ├── read-pkg@1.1.0
56 silly idealTree:prePrune ├── readable-stream@2.0.5
56 silly idealTree:prePrune ├── redent@1.0.0
56 silly idealTree:prePrune ├─┬ reduce-css-calc@1.2.1
56 silly idealTree:prePrune │ └── balanced-match@0.1.0
56 silly idealTree:prePrune ├─┬ reduce-function-call@1.0.1
56 silly idealTree:prePrune │ └── balanced-match@0.1.0
56 silly idealTree:prePrune ├── repeating@1.1.3
56 silly idealTree:prePrune ├── request@2.69.0
56 silly idealTree:prePrune ├─┬ rimraf@2.5.2
56 silly idealTree:prePrune │ └── glob@7.0.0
56 silly idealTree:prePrune ├─┬ sass-graph@2.1.1
56 silly idealTree:prePrune │ ├── glob@6.0.4
56 silly idealTree:prePrune │ └── lodash@4.6.1
56 silly idealTree:prePrune ├── sass-loader@3.1.2
56 silly idealTree:prePrune ├── sax@1.1.5
56 silly idealTree:prePrune ├── semver@5.1.0
56 silly idealTree:prePrune ├── shebang-regex@1.0.0
56 silly idealTree:prePrune ├── sigmund@1.0.1
56 silly idealTree:prePrune ├── signal-exit@2.1.2
56 silly idealTree:prePrune ├── slash@1.0.0
56 silly idealTree:prePrune ├── sntp@1.0.9
56 silly idealTree:prePrune ├── sort-keys@1.1.1
56 silly idealTree:prePrune ├── source-list-map@0.1.5
56 silly idealTree:prePrune ├─┬ source-map-support@0.2.10
56 silly idealTree:prePrune │ └── source-map@0.1.32
56 silly idealTree:prePrune ├── source-map@0.1.31
56 silly idealTree:prePrune ├── spawn-sync@1.0.15
56 silly idealTree:prePrune ├── spdx-correct@1.0.2
56 silly idealTree:prePrune ├── spdx-exceptions@1.0.4
56 silly idealTree:prePrune ├── spdx-expression-parse@1.0.2
56 silly idealTree:prePrune ├── spdx-license-ids@1.2.0
56 silly idealTree:prePrune ├── sprintf-js@1.0.3
56 silly idealTree:prePrune ├── sshpk@1.7.4
56 silly idealTree:prePrune ├── strict-uri-encode@1.1.0
56 silly idealTree:prePrune ├── string_decoder@0.10.31
56 silly idealTree:prePrune ├── string-width@1.0.1
56 silly idealTree:prePrune ├── stringstream@0.0.5
56 silly idealTree:prePrune ├── strip-ansi@3.0.1
56 silly idealTree:prePrune ├── strip-bom@2.0.0
56 silly idealTree:prePrune ├── strip-indent@1.0.1
56 silly idealTree:prePrune ├── style-loader@0.13.0
56 silly idealTree:prePrune ├── supports-color@2.0.0
56 silly idealTree:prePrune ├── svgo@0.6.1
56 silly idealTree:prePrune ├── tar@2.2.1
56 silly idealTree:prePrune ├── through@2.3.8
56 silly idealTree:prePrune ├── to-fast-properties@1.0.1
56 silly idealTree:prePrune ├── tough-cookie@2.2.1
56 silly idealTree:prePrune ├── trim-newlines@1.0.0
56 silly idealTree:prePrune ├── trim-right@1.0.1
56 silly idealTree:prePrune ├── tunnel-agent@0.4.2
56 silly idealTree:prePrune ├── tweetnacl@0.14.1
56 silly idealTree:prePrune ├── typedarray@0.0.6
56 silly idealTree:prePrune ├── ua-parser-js@0.7.10
56 silly idealTree:prePrune ├── uid-number@0.0.5
56 silly idealTree:prePrune ├── uniq@1.0.1
56 silly idealTree:prePrune ├── uniqid@1.0.0
56 silly idealTree:prePrune ├── uniqs@2.0.0
56 silly idealTree:prePrune ├── user-home@1.1.1
56 silly idealTree:prePrune ├── util-deprecate@1.0.2
56 silly idealTree:prePrune ├── validate-npm-package-license@3.0.1
56 silly idealTree:prePrune ├── verror@1.3.6
56 silly idealTree:prePrune ├── whatwg-fetch@0.9.0
56 silly idealTree:prePrune ├── whet.extend@0.9.9
56 silly idealTree:prePrune ├── which@1.2.4
56 silly idealTree:prePrune ├── window-size@0.1.4
56 silly idealTree:prePrune ├── wrap-ansi@1.0.0
56 silly idealTree:prePrune ├── wrappy@1.0.1
56 silly idealTree:prePrune ├── xtend@4.0.1
56 silly idealTree:prePrune ├── y18n@3.2.0
56 silly idealTree:prePrune ├── yallist@2.0.0
56 silly idealTree:prePrune └── yargs@3.32.0
57 silly loadIdealTree Finishing
58 silly currentTree play@1.0.0
58 silly currentTree ├── abbrev@1.0.7
58 silly currentTree ├── alphanum-sort@1.0.2
58 silly currentTree ├── amdefine@1.0.0
58 silly currentTree ├── ansi-regex@2.0.0
58 silly currentTree ├── ansi-styles@2.2.0
58 silly currentTree ├── ansi@0.3.1
58 silly currentTree ├── are-we-there-yet@1.0.6
58 silly currentTree ├── argparse@1.0.6
58 silly currentTree ├── array-find-index@1.0.1
58 silly currentTree ├── array-index@1.0.0
58 silly currentTree ├── asap@2.0.3
58 silly currentTree ├── asn1@0.2.3
58 silly currentTree ├── assert-plus@0.2.0
58 silly currentTree ├── async-foreach@0.1.3
58 silly currentTree ├── async@1.5.2
58 silly currentTree ├── autoprefixer@6.3.3
58 silly currentTree ├── aws-sign2@0.6.0
58 silly currentTree ├── aws4@1.3.2
58 silly currentTree ├── babel-code-frame@6.6.0
58 silly currentTree ├─┬ babel-core@6.6.4
58 silly currentTree │ └── source-map@0.5.3
58 silly currentTree ├─┬ babel-generator@6.6.4
58 silly currentTree │ └── source-map@0.5.3
58 silly currentTree ├── babel-helper-builder-react-jsx@6.6.4
58 silly currentTree ├── babel-helpers@6.6.0
58 silly currentTree ├── babel-loader@6.2.4
58 silly currentTree ├── babel-messages@6.6.0
58 silly currentTree ├── babel-plugin-syntax-flow@6.5.0
58 silly currentTree ├── babel-plugin-syntax-jsx@6.5.0
58 silly currentTree ├── babel-plugin-transform-flow-strip-types@6.6.4
58 silly currentTree ├── babel-plugin-transform-react-display-name@6.5.0
58 silly currentTree ├── babel-plugin-transform-react-jsx-source@6.5.0
58 silly currentTree ├── babel-plugin-transform-react-jsx@6.6.4
58 silly currentTree ├── babel-preset-react@6.5.0
58 silly currentTree ├─┬ babel-register@6.6.0
58 silly currentTree │ └── core-js@2.1.3
58 silly currentTree ├── babel-runtime@5.8.35
58 silly currentTree ├── babel-template@6.6.4
58 silly currentTree ├── babel-traverse@6.6.4
58 silly currentTree ├── babel-types@6.6.4
58 silly currentTree ├── babylon@6.6.4
58 silly currentTree ├── balanced-match@0.3.0
58 silly currentTree ├── base62@0.1.1
58 silly currentTree ├── big.js@3.1.3
58 silly currentTree ├── bl@1.0.3
58 silly currentTree ├── block-stream@0.0.8
58 silly currentTree ├── boom@2.10.1
58 silly currentTree ├── brace-expansion@1.1.3
58 silly currentTree ├── browserslist@1.1.3
58 silly currentTree ├── builtin-modules@1.1.1
58 silly currentTree ├── camelcase-keys@2.0.0
58 silly currentTree ├── camelcase@2.1.0
58 silly currentTree ├── caniuse-db@1.0.30000416
58 silly currentTree ├── caseless@0.11.0
58 silly currentTree ├── chalk@1.1.1
58 silly currentTree ├── clap@1.0.10
58 silly currentTree ├── cliui@3.1.0
58 silly currentTree ├── coa@1.0.1
58 silly currentTree ├── code-point-at@1.0.0
58 silly currentTree ├── color-convert@1.0.0
58 silly currentTree ├── color-name@1.1.1
58 silly currentTree ├── color-string@0.3.0
58 silly currentTree ├─┬ color@0.11.1
58 silly currentTree │ └── color-convert@0.5.3
58 silly currentTree ├── colormin@1.1.0
58 silly currentTree ├── colors@1.1.2
58 silly currentTree ├── combined-stream@1.0.5
58 silly currentTree ├── commander@2.9.0
58 silly currentTree ├── concat-map@0.0.1
58 silly currentTree ├── concat-stream@1.5.1
58 silly currentTree ├── config-chain@1.1.10
58 silly currentTree ├── convert-source-map@1.2.0
58 silly currentTree ├── core-js@1.2.6
58 silly currentTree ├── core-util-is@1.0.2
58 silly currentTree ├── cross-spawn-async@2.1.9
58 silly currentTree ├── cross-spawn@2.1.5
58 silly currentTree ├── cryptiles@2.0.5
58 silly currentTree ├── css-color-names@0.0.3
58 silly currentTree ├── css-loader@0.23.1
58 silly currentTree ├── css-selector-tokenizer@0.5.4
58 silly currentTree ├── cssesc@0.1.0
58 silly currentTree ├── cssnano@3.5.2
58 silly currentTree ├── csso@1.4.4
58 silly currentTree ├── d@0.1.1
58 silly currentTree ├─┬ dashdash@1.13.0
58 silly currentTree │ └── assert-plus@1.0.0
58 silly currentTree ├── debug@2.2.0
58 silly currentTree ├── decamelize@1.1.2
58 silly currentTree ├── defined@1.0.0
58 silly currentTree ├── delayed-stream@1.0.0
58 silly currentTree ├── delegates@1.0.0
58 silly currentTree ├── detect-indent@3.0.1
58 silly currentTree ├── ecc-jsbn@0.1.1
58 silly currentTree ├── envify@3.4.0
58 silly currentTree ├── error-ex@1.3.0
58 silly currentTree ├── es5-ext@0.10.11
58 silly currentTree ├── es6-iterator@2.0.0
58 silly currentTree ├── es6-symbol@3.0.2
58 silly currentTree ├── escape-string-regexp@1.0.5
58 silly currentTree ├── esprima-fb@13001.1001.0-dev-harmony-fb
58 silly currentTree ├── esutils@2.0.2
58 silly currentTree ├── extend@3.0.0
58 silly currentTree ├── extsprintf@1.0.2
58 silly currentTree ├── fastparse@1.1.1
58 silly currentTree ├── fbjs@0.6.1
58 silly currentTree ├─┬ find-up@1.1.1
58 silly currentTree │ └── path-exists@2.1.0
58 silly currentTree ├── flatten@1.0.2
58 silly currentTree ├── forever-agent@0.6.1
58 silly currentTree ├── form-data@1.0.0-rc3
58 silly currentTree ├─┬ fstream@1.0.8
58 silly currentTree │ └── graceful-fs@4.1.3
58 silly currentTree ├── gauge@1.2.7
58 silly currentTree ├── gaze@0.5.2
58 silly currentTree ├── generate-function@2.0.0
58 silly currentTree ├── generate-object-property@1.2.0
58 silly currentTree ├── get-stdin@4.0.1
58 silly currentTree ├── glob@5.0.15
58 silly currentTree ├── globals@8.18.0
58 silly currentTree ├─┬ globule@0.1.0
58 silly currentTree │ ├── glob@3.1.21
58 silly currentTree │ ├── inherits@1.0.2
58 silly currentTree │ ├── lodash@1.0.2
58 silly currentTree │ ├── lru-cache@2.7.3
58 silly currentTree │ └── minimatch@0.2.14
58 silly currentTree ├── graceful-fs@1.2.3
58 silly currentTree ├── graceful-readlink@1.0.1
58 silly currentTree ├── har-validator@2.0.6
58 silly currentTree ├── has-ansi@2.0.0
58 silly currentTree ├── has-flag@1.0.0
58 silly currentTree ├── has-own@1.0.0
58 silly currentTree ├── has-unicode@2.0.0
58 silly currentTree ├── hawk@3.1.3
58 silly currentTree ├── hoek@2.16.3
58 silly currentTree ├── home-or-tmp@1.0.0
58 silly currentTree ├── hosted-git-info@2.1.4
58 silly currentTree ├── http-signature@1.1.1
58 silly currentTree ├── icss-replace-symbols@1.0.2
58 silly currentTree ├── imports-loader@0.6.5
58 silly currentTree ├─┬ indent-string@2.1.0
58 silly currentTree │ └── repeating@2.0.0
58 silly currentTree ├── indexes-of@1.0.1
58 silly currentTree ├── inflight@1.0.4
58 silly currentTree ├── inherit@2.2.3
58 silly currentTree ├── inherits@2.0.1
58 silly currentTree ├── ini@1.3.4
58 silly currentTree ├── invariant@2.2.0
58 silly currentTree ├── invert-kv@1.0.0
58 silly currentTree ├── is-absolute-url@2.0.0
58 silly currentTree ├── is-absolute@0.1.7
58 silly currentTree ├── is-arrayish@0.2.1
58 silly currentTree ├── is-builtin-module@1.0.0
58 silly currentTree ├── is-finite@1.0.1
58 silly currentTree ├── is-fullwidth-code-point@1.0.0
58 silly currentTree ├── is-integer@1.0.6
58 silly currentTree ├── is-my-json-valid@2.13.1
58 silly currentTree ├── is-plain-obj@1.1.0
58 silly currentTree ├── is-property@1.0.2
58 silly currentTree ├── is-relative@0.1.3
58 silly currentTree ├── is-svg@1.1.1
58 silly currentTree ├── is-typedarray@1.0.0
58 silly currentTree ├── is-utf8@0.2.1
58 silly currentTree ├── isarray@0.0.1
58 silly currentTree ├── isexe@1.1.2
58 silly currentTree ├── isstream@0.1.2
58 silly currentTree ├── jodid25519@1.0.2
58 silly currentTree ├── js-base64@2.1.9
58 silly currentTree ├── js-tokens@1.0.2
58 silly currentTree ├─┬ js-yaml@3.4.6
58 silly currentTree │ └── esprima@2.7.2
58 silly currentTree ├── jsbn@0.1.0
58 silly currentTree ├── json-schema@0.2.2
58 silly currentTree ├── json-stringify-safe@5.0.1
58 silly currentTree ├── json5@0.4.0
58 silly currentTree ├── jsonpointer@2.0.0
58 silly currentTree ├── jsprim@1.2.2
58 silly currentTree ├── jstransform@10.1.0
58 silly currentTree ├── lcid@1.0.0
58 silly currentTree ├── left-pad@0.0.3
58 silly currentTree ├── line-numbers@0.2.0
58 silly currentTree ├─┬ load-json-file@1.1.0
58 silly currentTree │ └── graceful-fs@4.1.3
58 silly currentTree ├── loader-utils@0.2.12
58 silly currentTree ├── lodash._createcompounder@3.0.0
58 silly currentTree ├── lodash._root@3.0.1
58 silly currentTree ├── lodash.camelcase@3.0.1
58 silly currentTree ├── lodash.deburr@3.2.0
58 silly currentTree ├── lodash.pad@4.1.0
58 silly currentTree ├── lodash.padend@4.2.0
58 silly currentTree ├── lodash.padstart@4.2.0
58 silly currentTree ├── lodash.repeat@4.0.0
58 silly currentTree ├── lodash.tostring@4.1.2
58 silly currentTree ├── lodash.words@3.2.0
58 silly currentTree ├── lodash@3.10.1
58 silly currentTree ├── loose-envify@1.1.0
58 silly currentTree ├── loud-rejection@1.3.0
58 silly currentTree ├── lru-cache@4.0.0
58 silly currentTree ├── map-obj@1.0.1
58 silly currentTree ├── meow@3.7.0
58 silly currentTree ├── mime-db@1.22.0
58 silly currentTree ├── mime-types@2.1.10
58 silly currentTree ├── minimatch@2.0.10
58 silly currentTree ├── minimist@1.2.0
58 silly currentTree ├─┬ mkdirp@0.5.1
58 silly currentTree │ └── minimist@0.0.8
58 silly currentTree ├── ms@0.7.1
58 silly currentTree ├── nan@2.2.0
58 silly currentTree ├─┬ node-gyp@3.3.1
58 silly currentTree │ ├─┬ glob@4.5.3
58 silly currentTree │ │ └── minimatch@2.0.10
58 silly currentTree │ ├── graceful-fs@4.1.3
58 silly currentTree │ ├── lru-cache@2.7.3
58 silly currentTree │ └── minimatch@1.0.0
58 silly currentTree ├── node-sass-middleware@0.9.7
58 silly currentTree ├── node-sass@3.4.2
58 silly currentTree ├── node-uuid@1.4.7
58 silly currentTree ├── nopt@3.0.6
58 silly currentTree ├── normalize-package-data@2.3.5
58 silly currentTree ├── normalize-range@0.1.2
58 silly currentTree ├── normalize-url@1.4.1
58 silly currentTree ├─┬ npmconf@2.1.2
58 silly currentTree │ └── semver@4.3.6
58 silly currentTree ├── npmlog@2.0.2
58 silly currentTree ├── num2fraction@1.2.2
58 silly currentTree ├── number-is-nan@1.0.0
58 silly currentTree ├── oauth-sign@0.8.1
58 silly currentTree ├── object-assign@4.0.1
58 silly currentTree ├── once@1.3.3
58 silly currentTree ├── os-homedir@1.0.1
58 silly currentTree ├── os-locale@1.4.0
58 silly currentTree ├── os-shim@0.1.3
58 silly currentTree ├── os-tmpdir@1.0.1
58 silly currentTree ├── osenv@0.1.3
58 silly currentTree ├── parse-json@2.2.0
58 silly currentTree ├── path-array@1.0.1
58 silly currentTree ├── path-exists@1.0.0
58 silly currentTree ├── path-is-absolute@1.0.0
58 silly currentTree ├─┬ path-type@1.1.0
58 silly currentTree │ └── graceful-fs@4.1.3
58 silly currentTree ├── pify@2.3.0
58 silly currentTree ├── pinkie-promise@2.0.0
58 silly currentTree ├── pinkie@2.0.4
58 silly currentTree ├── postcss-calc@5.2.0
58 silly currentTree ├── postcss-colormin@2.2.0
58 silly currentTree ├── postcss-convert-values@2.3.4
58 silly currentTree ├── postcss-discard-comments@2.0.4
58 silly currentTree ├── postcss-discard-duplicates@2.0.1
58 silly currentTree ├── postcss-discard-empty@2.0.1
58 silly currentTree ├── postcss-discard-unused@2.2.1
58 silly currentTree ├── postcss-filter-plugins@2.0.0
58 silly currentTree ├── postcss-merge-idents@2.1.5
58 silly currentTree ├── postcss-merge-longhand@2.0.1
58 silly currentTree ├── postcss-merge-rules@2.0.6
58 silly currentTree ├── postcss-message-helpers@2.0.0
58 silly currentTree ├── postcss-minify-font-values@1.0.3
58 silly currentTree ├── postcss-minify-gradients@1.0.1
58 silly currentTree ├── postcss-minify-params@1.0.4
58 silly currentTree ├── postcss-minify-selectors@2.0.4
58 silly currentTree ├── postcss-modules-extract-imports@1.0.0
58 silly currentTree ├── postcss-modules-local-by-default@1.0.1
58 silly currentTree ├── postcss-modules-scope@1.0.0
58 silly currentTree ├── postcss-modules-values@1.1.1
58 silly currentTree ├── postcss-normalize-charset@1.1.0
58 silly currentTree ├── postcss-normalize-url@3.0.7
58 silly currentTree ├── postcss-ordered-values@2.1.0
58 silly currentTree ├── postcss-reduce-idents@2.3.0
58 silly currentTree ├── postcss-reduce-transforms@1.0.3
58 silly currentTree ├── postcss-selector-parser@1.3.3
58 silly currentTree ├── postcss-svgo@2.1.2
58 silly currentTree ├── postcss-unique-selectors@2.0.2
58 silly currentTree ├── postcss-value-parser@3.3.0
58 silly currentTree ├── postcss-zindex@2.0.1
58 silly currentTree ├─┬ postcss@5.0.19
58 silly currentTree │ ├── source-map@0.5.3
58 silly currentTree │ └── supports-color@3.1.2
58 silly currentTree ├── prepend-http@1.0.3
58 silly currentTree ├── private@0.1.6
58 silly currentTree ├── process-nextick-args@1.0.6
58 silly currentTree ├── promise@7.1.1
58 silly currentTree ├── proto-list@1.2.4
58 silly currentTree ├── pseudomap@1.0.2
58 silly currentTree ├── q@1.4.1
58 silly currentTree ├── qs@6.0.2
58 silly currentTree ├── query-string@3.0.1
58 silly currentTree ├── react-dom@0.14.7
58 silly currentTree ├── react@0.14.7
58 silly currentTree ├── read-pkg-up@1.0.1
58 silly currentTree ├── read-pkg@1.1.0
58 silly currentTree ├── readable-stream@2.0.5
58 silly currentTree ├── redent@1.0.0
58 silly currentTree ├─┬ reduce-css-calc@1.2.1
58 silly currentTree │ └── balanced-match@0.1.0
58 silly currentTree ├─┬ reduce-function-call@1.0.1
58 silly currentTree │ └── balanced-match@0.1.0
58 silly currentTree ├── repeating@1.1.3
58 silly currentTree ├── request@2.69.0
58 silly currentTree ├─┬ rimraf@2.5.2
58 silly currentTree │ └── glob@7.0.0
58 silly currentTree ├─┬ sass-graph@2.1.1
58 silly currentTree │ ├── glob@6.0.4
58 silly currentTree │ └── lodash@4.6.1
58 silly currentTree ├── sass-loader@3.1.2
58 silly currentTree ├── sax@1.1.5
58 silly currentTree ├── semver@5.1.0
58 silly currentTree ├── shebang-regex@1.0.0
58 silly currentTree ├── sigmund@1.0.1
58 silly currentTree ├── signal-exit@2.1.2
58 silly currentTree ├── slash@1.0.0
58 silly currentTree ├── sntp@1.0.9
58 silly currentTree ├── sort-keys@1.1.1
58 silly currentTree ├── source-list-map@0.1.5
58 silly currentTree ├─┬ source-map-support@0.2.10
58 silly currentTree │ └── source-map@0.1.32
58 silly currentTree ├── source-map@0.1.31
58 silly currentTree ├── spawn-sync@1.0.15
58 silly currentTree ├── spdx-correct@1.0.2
58 silly currentTree ├── spdx-exceptions@1.0.4
58 silly currentTree ├── spdx-expression-parse@1.0.2
58 silly currentTree ├── spdx-license-ids@1.2.0
58 silly currentTree ├── sprintf-js@1.0.3
58 silly currentTree ├── sshpk@1.7.4
58 silly currentTree ├── strict-uri-encode@1.1.0
58 silly currentTree ├── string_decoder@0.10.31
58 silly currentTree ├── string-width@1.0.1
58 silly currentTree ├── stringstream@0.0.5
58 silly currentTree ├── strip-ansi@3.0.1
58 silly currentTree ├── strip-bom@2.0.0
58 silly currentTree ├── strip-indent@1.0.1
58 silly currentTree ├── style-loader@0.13.0
58 silly currentTree ├── supports-color@2.0.0
58 silly currentTree ├── svgo@0.6.1
58 silly currentTree ├── tar@2.2.1
58 silly currentTree ├── through@2.3.8
58 silly currentTree ├── to-fast-properties@1.0.1
58 silly currentTree ├── tough-cookie@2.2.1
58 silly currentTree ├── trim-newlines@1.0.0
58 silly currentTree ├── trim-right@1.0.1
58 silly currentTree ├── tunnel-agent@0.4.2
58 silly currentTree ├── tweetnacl@0.14.1
58 silly currentTree ├── typedarray@0.0.6
58 silly currentTree ├── ua-parser-js@0.7.10
58 silly currentTree ├── uid-number@0.0.5
58 silly currentTree ├── uniq@1.0.1
58 silly currentTree ├── uniqid@1.0.0
58 silly currentTree ├── uniqs@2.0.0
58 silly currentTree ├── user-home@1.1.1
58 silly currentTree ├── util-deprecate@1.0.2
58 silly currentTree ├── validate-npm-package-license@3.0.1
58 silly currentTree ├── verror@1.3.6
58 silly currentTree ├── whatwg-fetch@0.9.0
58 silly currentTree ├── whet.extend@0.9.9
58 silly currentTree ├── which@1.2.4
58 silly currentTree ├── window-size@0.1.4
58 silly currentTree ├── wrap-ansi@1.0.0
58 silly currentTree ├── wrappy@1.0.1
58 silly currentTree ├── xtend@4.0.1
58 silly currentTree ├── y18n@3.2.0
58 silly currentTree ├── yallist@2.0.0
58 silly currentTree └── yargs@3.32.0
59 silly idealTree play@1.0.0
59 silly idealTree ├── abbrev@1.0.7
59 silly idealTree ├── alphanum-sort@1.0.2
59 silly idealTree ├── amdefine@1.0.0
59 silly idealTree ├── ansi-regex@2.0.0
59 silly idealTree ├── ansi-styles@2.2.0
59 silly idealTree ├── ansi@0.3.1
59 silly idealTree ├── are-we-there-yet@1.0.6
59 silly idealTree ├── argparse@1.0.6
59 silly idealTree ├── array-find-index@1.0.1
59 silly idealTree ├── array-index@1.0.0
59 silly idealTree ├── asap@2.0.3
59 silly idealTree ├── asn1@0.2.3
59 silly idealTree ├── assert-plus@0.2.0
59 silly idealTree ├── async-foreach@0.1.3
59 silly idealTree ├── async@1.5.2
59 silly idealTree ├── autoprefixer@6.3.3
59 silly idealTree ├── aws-sign2@0.6.0
59 silly idealTree ├── aws4@1.3.2
59 silly idealTree ├── babel-code-frame@6.6.0
59 silly idealTree ├─┬ babel-core@6.6.4
59 silly idealTree │ └── source-map@0.5.3
59 silly idealTree ├─┬ babel-generator@6.6.4
59 silly idealTree │ └── source-map@0.5.3
59 silly idealTree ├── babel-helper-builder-react-jsx@6.6.4
59 silly idealTree ├── babel-helpers@6.6.0
59 silly idealTree ├── babel-loader@6.2.4
59 silly idealTree ├── babel-messages@6.6.0
59 silly idealTree ├── babel-plugin-syntax-flow@6.5.0
59 silly idealTree ├── babel-plugin-syntax-jsx@6.5.0
59 silly idealTree ├── babel-plugin-transform-flow-strip-types@6.6.4
59 silly idealTree ├── babel-plugin-transform-react-display-name@6.5.0
59 silly idealTree ├── babel-plugin-transform-react-jsx-source@6.5.0
59 silly idealTree ├── babel-plugin-transform-react-jsx@6.6.4
59 silly idealTree ├── babel-preset-react@6.5.0
59 silly idealTree ├─┬ babel-register@6.6.0
59 silly idealTree │ └── core-js@2.1.3
59 silly idealTree ├── babel-runtime@5.8.35
59 silly idealTree ├── babel-template@6.6.4
59 silly idealTree ├── babel-traverse@6.6.4
59 silly idealTree ├── babel-types@6.6.4
59 silly idealTree ├── babylon@6.6.4
59 silly idealTree ├── balanced-match@0.3.0
59 silly idealTree ├── base62@0.1.1
59 silly idealTree ├── big.js@3.1.3
59 silly idealTree ├── bl@1.0.3
59 silly idealTree ├── block-stream@0.0.8
59 silly idealTree ├── boom@2.10.1
59 silly idealTree ├── brace-expansion@1.1.3
59 silly idealTree ├── browserslist@1.1.3
59 silly idealTree ├── builtin-modules@1.1.1
59 silly idealTree ├── camelcase-keys@2.0.0
59 silly idealTree ├── camelcase@2.1.0
59 silly idealTree ├── caniuse-db@1.0.30000416
59 silly idealTree ├── caseless@0.11.0
59 silly idealTree ├── chalk@1.1.1
59 silly idealTree ├── clap@1.0.10
59 silly idealTree ├── cliui@3.1.0
59 silly idealTree ├── coa@1.0.1
59 silly idealTree ├── code-point-at@1.0.0
59 silly idealTree ├── color-convert@1.0.0
59 silly idealTree ├── color-name@1.1.1
59 silly idealTree ├── color-string@0.3.0
59 silly idealTree ├─┬ color@0.11.1
59 silly idealTree │ └── color-convert@0.5.3
59 silly idealTree ├── colormin@1.1.0
59 silly idealTree ├── colors@1.1.2
59 silly idealTree ├── combined-stream@1.0.5
59 silly idealTree ├── commander@2.9.0
59 silly idealTree ├── concat-map@0.0.1
59 silly idealTree ├── concat-stream@1.5.1
59 silly idealTree ├── config-chain@1.1.10
59 silly idealTree ├── convert-source-map@1.2.0
59 silly idealTree ├── core-js@1.2.6
59 silly idealTree ├── core-util-is@1.0.2
59 silly idealTree ├── cross-spawn-async@2.1.9
59 silly idealTree ├── cross-spawn@2.1.5
59 silly idealTree ├── cryptiles@2.0.5
59 silly idealTree ├── css-color-names@0.0.3
59 silly idealTree ├── css-loader@0.23.1
59 silly idealTree ├── css-selector-tokenizer@0.5.4
59 silly idealTree ├── cssesc@0.1.0
59 silly idealTree ├── cssnano@3.5.2
59 silly idealTree ├── csso@1.4.4
59 silly idealTree ├── d@0.1.1
59 silly idealTree ├─┬ dashdash@1.13.0
59 silly idealTree │ └── assert-plus@1.0.0
59 silly idealTree ├── debug@2.2.0
59 silly idealTree ├── decamelize@1.1.2
59 silly idealTree ├── defined@1.0.0
59 silly idealTree ├── delayed-stream@1.0.0
59 silly idealTree ├── delegates@1.0.0
59 silly idealTree ├── detect-indent@3.0.1
59 silly idealTree ├── ecc-jsbn@0.1.1
59 silly idealTree ├── envify@3.4.0
59 silly idealTree ├── error-ex@1.3.0
59 silly idealTree ├── es5-ext@0.10.11
59 silly idealTree ├── es6-iterator@2.0.0
59 silly idealTree ├── es6-symbol@3.0.2
59 silly idealTree ├── escape-string-regexp@1.0.5
59 silly idealTree ├── esprima-fb@13001.1001.0-dev-harmony-fb
59 silly idealTree ├── esutils@2.0.2
59 silly idealTree ├── extend@3.0.0
59 silly idealTree ├── extsprintf@1.0.2
59 silly idealTree ├── fastparse@1.1.1
59 silly idealTree ├── fbjs@0.6.1
59 silly idealTree ├─┬ find-up@1.1.1
59 silly idealTree │ └── path-exists@2.1.0
59 silly idealTree ├── flatten@1.0.2
59 silly idealTree ├── forever-agent@0.6.1
59 silly idealTree ├── form-data@1.0.0-rc3
59 silly idealTree ├─┬ fstream@1.0.8
59 silly idealTree │ └── graceful-fs@4.1.3
59 silly idealTree ├── gauge@1.2.7
59 silly idealTree ├── gaze@0.5.2
59 silly idealTree ├── generate-function@2.0.0
59 silly idealTree ├── generate-object-property@1.2.0
59 silly idealTree ├── get-stdin@4.0.1
59 silly idealTree ├── glob@5.0.15
59 silly idealTree ├── globals@8.18.0
59 silly idealTree ├─┬ globule@0.1.0
59 silly idealTree │ ├── glob@3.1.21
59 silly idealTree │ ├── inherits@1.0.2
59 silly idealTree │ ├── lodash@1.0.2
59 silly idealTree │ ├── lru-cache@2.7.3
59 silly idealTree │ └── minimatch@0.2.14
59 silly idealTree ├── graceful-fs@1.2.3
59 silly idealTree ├── graceful-readlink@1.0.1
59 silly idealTree ├── har-validator@2.0.6
59 silly idealTree ├── has-ansi@2.0.0
59 silly idealTree ├── has-flag@1.0.0
59 silly idealTree ├── has-own@1.0.0
59 silly idealTree ├── has-unicode@2.0.0
59 silly idealTree ├── hawk@3.1.3
59 silly idealTree ├── hoek@2.16.3
59 silly idealTree ├── home-or-tmp@1.0.0
59 silly idealTree ├── hosted-git-info@2.1.4
59 silly idealTree ├── http-signature@1.1.1
59 silly idealTree ├── icss-replace-symbols@1.0.2
59 silly idealTree ├── imports-loader@0.6.5
59 silly idealTree ├─┬ indent-string@2.1.0
59 silly idealTree │ └── repeating@2.0.0
59 silly idealTree ├── indexes-of@1.0.1
59 silly idealTree ├── inflight@1.0.4
59 silly idealTree ├── inherit@2.2.3
59 silly idealTree ├── inherits@2.0.1
59 silly idealTree ├── ini@1.3.4
59 silly idealTree ├── invariant@2.2.0
59 silly idealTree ├── invert-kv@1.0.0
59 silly idealTree ├── is-absolute-url@2.0.0
59 silly idealTree ├── is-absolute@0.1.7
59 silly idealTree ├── is-arrayish@0.2.1
59 silly idealTree ├── is-builtin-module@1.0.0
59 silly idealTree ├── is-finite@1.0.1
59 silly idealTree ├── is-fullwidth-code-point@1.0.0
59 silly idealTree ├── is-integer@1.0.6
59 silly idealTree ├── is-my-json-valid@2.13.1
59 silly idealTree ├── is-plain-obj@1.1.0
59 silly idealTree ├── is-property@1.0.2
59 silly idealTree ├── is-relative@0.1.3
59 silly idealTree ├── is-svg@1.1.1
59 silly idealTree ├── is-typedarray@1.0.0
59 silly idealTree ├── is-utf8@0.2.1
59 silly idealTree ├── isarray@0.0.1
59 silly idealTree ├── isexe@1.1.2
59 silly idealTree ├── isstream@0.1.2
59 silly idealTree ├── jodid25519@1.0.2
59 silly idealTree ├── js-base64@2.1.9
59 silly idealTree ├── js-tokens@1.0.2
59 silly idealTree ├─┬ js-yaml@3.4.6
59 silly idealTree │ └── esprima@2.7.2
59 silly idealTree ├── jsbn@0.1.0
59 silly idealTree ├── json-schema@0.2.2
59 silly idealTree ├── json-stringify-safe@5.0.1
59 silly idealTree ├── json5@0.4.0
59 silly idealTree ├── jsonpointer@2.0.0
59 silly idealTree ├── jsprim@1.2.2
59 silly idealTree ├── jstransform@10.1.0
59 silly idealTree ├── lcid@1.0.0
59 silly idealTree ├── left-pad@0.0.3
59 silly idealTree ├── line-numbers@0.2.0
59 silly idealTree ├─┬ load-json-file@1.1.0
59 silly idealTree │ └── graceful-fs@4.1.3
59 silly idealTree ├── loader-utils@0.2.12
59 silly idealTree ├── lodash._createcompounder@3.0.0
59 silly idealTree ├── lodash._root@3.0.1
59 silly idealTree ├── lodash.camelcase@3.0.1
59 silly idealTree ├── lodash.deburr@3.2.0
59 silly idealTree ├── lodash.pad@4.1.0
59 silly idealTree ├── lodash.padend@4.2.0
59 silly idealTree ├── lodash.padstart@4.2.0
59 silly idealTree ├── lodash.repeat@4.0.0
59 silly idealTree ├── lodash.tostring@4.1.2
59 silly idealTree ├── lodash.words@3.2.0
59 silly idealTree ├── lodash@3.10.1
59 silly idealTree ├── loose-envify@1.1.0
59 silly idealTree ├── loud-rejection@1.3.0
59 silly idealTree ├── lru-cache@4.0.0
59 silly idealTree ├── map-obj@1.0.1
59 silly idealTree ├── meow@3.7.0
59 silly idealTree ├── mime-db@1.22.0
59 silly idealTree ├── mime-types@2.1.10
59 silly idealTree ├── minimatch@2.0.10
59 silly idealTree ├── minimist@1.2.0
59 silly idealTree ├─┬ mkdirp@0.5.1
59 silly idealTree │ └── minimist@0.0.8
59 silly idealTree ├── ms@0.7.1
59 silly idealTree ├── nan@2.2.0
59 silly idealTree ├─┬ node-gyp@3.3.1
59 silly idealTree │ ├─┬ glob@4.5.3
59 silly idealTree │ │ └── minimatch@2.0.10
59 silly idealTree │ ├── graceful-fs@4.1.3
59 silly idealTree │ ├── lru-cache@2.7.3
59 silly idealTree │ └── minimatch@1.0.0
59 silly idealTree ├── node-sass-middleware@0.9.7
59 silly idealTree ├── node-sass@3.4.2
59 silly idealTree ├── node-uuid@1.4.7
59 silly idealTree ├── nopt@3.0.6
59 silly idealTree ├── normalize-package-data@2.3.5
59 silly idealTree ├── normalize-range@0.1.2
59 silly idealTree ├── normalize-url@1.4.1
59 silly idealTree ├─┬ npmconf@2.1.2
59 silly idealTree │ └── semver@4.3.6
59 silly idealTree ├── npmlog@2.0.2
59 silly idealTree ├── num2fraction@1.2.2
59 silly idealTree ├── number-is-nan@1.0.0
59 silly idealTree ├── oauth-sign@0.8.1
59 silly idealTree ├── object-assign@4.0.1
59 silly idealTree ├── once@1.3.3
59 silly idealTree ├── os-homedir@1.0.1
59 silly idealTree ├── os-locale@1.4.0
59 silly idealTree ├── os-shim@0.1.3
59 silly idealTree ├── os-tmpdir@1.0.1
59 silly idealTree ├── osenv@0.1.3
59 silly idealTree ├── parse-json@2.2.0
59 silly idealTree ├── path-array@1.0.1
59 silly idealTree ├── path-exists@1.0.0
59 silly idealTree ├── path-is-absolute@1.0.0
59 silly idealTree ├─┬ path-type@1.1.0
59 silly idealTree │ └── graceful-fs@4.1.3
59 silly idealTree ├── pify@2.3.0
59 silly idealTree ├── pinkie-promise@2.0.0
59 silly idealTree ├── pinkie@2.0.4
59 silly idealTree ├── postcss-calc@5.2.0
59 silly idealTree ├── postcss-colormin@2.2.0
59 silly idealTree ├── postcss-convert-values@2.3.4
59 silly idealTree ├── postcss-discard-comments@2.0.4
59 silly idealTree ├── postcss-discard-duplicates@2.0.1
59 silly idealTree ├── postcss-discard-empty@2.0.1
59 silly idealTree ├── postcss-discard-unused@2.2.1
59 silly idealTree ├── postcss-filter-plugins@2.0.0
59 silly idealTree ├── postcss-merge-idents@2.1.5
59 silly idealTree ├── postcss-merge-longhand@2.0.1
59 silly idealTree ├── postcss-merge-rules@2.0.6
59 silly idealTree ├── postcss-message-helpers@2.0.0
59 silly idealTree ├── postcss-minify-font-values@1.0.3
59 silly idealTree ├── postcss-minify-gradients@1.0.1
59 silly idealTree ├── postcss-minify-params@1.0.4
59 silly idealTree ├── postcss-minify-selectors@2.0.4
59 silly idealTree ├── postcss-modules-extract-imports@1.0.0
59 silly idealTree ├── postcss-modules-local-by-default@1.0.1
59 silly idealTree ├── postcss-modules-scope@1.0.0
59 silly idealTree ├── postcss-modules-values@1.1.1
59 silly idealTree ├── postcss-normalize-charset@1.1.0
59 silly idealTree ├── postcss-normalize-url@3.0.7
59 silly idealTree ├── postcss-ordered-values@2.1.0
59 silly idealTree ├── postcss-reduce-idents@2.3.0
59 silly idealTree ├── postcss-reduce-transforms@1.0.3
59 silly idealTree ├── postcss-selector-parser@1.3.3
59 silly idealTree ├── postcss-svgo@2.1.2
59 silly idealTree ├── postcss-unique-selectors@2.0.2
59 silly idealTree ├── postcss-value-parser@3.3.0
59 silly idealTree ├── postcss-zindex@2.0.1
59 silly idealTree ├─┬ postcss@5.0.19
59 silly idealTree │ ├── source-map@0.5.3
59 silly idealTree │ └── supports-color@3.1.2
59 silly idealTree ├── prepend-http@1.0.3
59 silly idealTree ├── private@0.1.6
59 silly idealTree ├── process-nextick-args@1.0.6
59 silly idealTree ├── promise@7.1.1
59 silly idealTree ├── proto-list@1.2.4
59 silly idealTree ├── pseudomap@1.0.2
59 silly idealTree ├── q@1.4.1
59 silly idealTree ├── qs@6.0.2
59 silly idealTree ├── query-string@3.0.1
59 silly idealTree ├── react-dom@0.14.7
59 silly idealTree ├── react@0.14.7
59 silly idealTree ├── read-pkg-up@1.0.1
59 silly idealTree ├── read-pkg@1.1.0
59 silly idealTree ├── readable-stream@2.0.5
59 silly idealTree ├── redent@1.0.0
59 silly idealTree ├─┬ reduce-css-calc@1.2.1
59 silly idealTree │ └── balanced-match@0.1.0
59 silly idealTree ├─┬ reduce-function-call@1.0.1
59 silly idealTree │ └── balanced-match@0.1.0
59 silly idealTree ├── repeating@1.1.3
59 silly idealTree ├── request@2.69.0
59 silly idealTree ├─┬ rimraf@2.5.2
59 silly idealTree │ └── glob@7.0.0
59 silly idealTree ├─┬ sass-graph@2.1.1
59 silly idealTree │ ├── glob@6.0.4
59 silly idealTree │ └── lodash@4.6.1
59 silly idealTree ├── sass-loader@3.1.2
59 silly idealTree ├── sax@1.1.5
59 silly idealTree ├── semver@5.1.0
59 silly idealTree ├── shebang-regex@1.0.0
59 silly idealTree ├── sigmund@1.0.1
59 silly idealTree ├── signal-exit@2.1.2
59 silly idealTree ├── slash@1.0.0
59 silly idealTree ├── sntp@1.0.9
59 silly idealTree ├── sort-keys@1.1.1
59 silly idealTree ├── source-list-map@0.1.5
59 silly idealTree ├─┬ source-map-support@0.2.10
59 silly idealTree │ └── source-map@0.1.32
59 silly idealTree ├── source-map@0.1.31
59 silly idealTree ├── spawn-sync@1.0.15
59 silly idealTree ├── spdx-correct@1.0.2
59 silly idealTree ├── spdx-exceptions@1.0.4
59 silly idealTree ├── spdx-expression-parse@1.0.2
59 silly idealTree ├── spdx-license-ids@1.2.0
59 silly idealTree ├── sprintf-js@1.0.3
59 silly idealTree ├── sshpk@1.7.4
59 silly idealTree ├── strict-uri-encode@1.1.0
59 silly idealTree ├── string_decoder@0.10.31
59 silly idealTree ├── string-width@1.0.1
59 silly idealTree ├── stringstream@0.0.5
59 silly idealTree ├── strip-ansi@3.0.1
59 silly idealTree ├── strip-bom@2.0.0
59 silly idealTree ├── strip-indent@1.0.1
59 silly idealTree ├── style-loader@0.13.0
59 silly idealTree ├── supports-color@2.0.0
59 silly idealTree ├── svgo@0.6.1
59 silly idealTree ├── tar@2.2.1
59 silly idealTree ├── through@2.3.8
59 silly idealTree ├── to-fast-properties@1.0.1
59 silly idealTree ├── tough-cookie@2.2.1
59 silly idealTree ├── trim-newlines@1.0.0
59 silly idealTree ├── trim-right@1.0.1
59 silly idealTree ├── tunnel-agent@0.4.2
59 silly idealTree ├── tweetnacl@0.14.1
59 silly idealTree ├── typedarray@0.0.6
59 silly idealTree ├── ua-parser-js@0.7.10
59 silly idealTree ├── uid-number@0.0.5
59 silly idealTree ├── uniq@1.0.1
59 silly idealTree ├── uniqid@1.0.0
59 silly idealTree ├── uniqs@2.0.0
59 silly idealTree ├── user-home@1.1.1
59 silly idealTree ├── util-deprecate@1.0.2
59 silly idealTree ├── validate-npm-package-license@3.0.1
59 silly idealTree ├── verror@1.3.6
59 silly idealTree ├── whatwg-fetch@0.9.0
59 silly idealTree ├── whet.extend@0.9.9
59 silly idealTree ├── which@1.2.4
59 silly idealTree ├── window-size@0.1.4
59 silly idealTree ├── wrap-ansi@1.0.0
59 silly idealTree ├── wrappy@1.0.1
59 silly idealTree ├── xtend@4.0.1
59 silly idealTree ├── y18n@3.2.0
59 silly idealTree ├── yallist@2.0.0
59 silly idealTree └── yargs@3.32.0
60 silly generateActionsToTake Starting
61 silly install generateActionsToTake
62 silly generateActionsToTake Finishing
63 silly diffTrees action count 2
64 silly diffTrees update node-sass@3.4.2
65 silly diffTrees update node-sass-middleware@0.9.7
66 silly decomposeActions action count 16
67 silly decomposeActions fetch node-sass@3.4.2
68 silly decomposeActions extract node-sass@3.4.2
69 silly decomposeActions test node-sass@3.4.2
70 silly decomposeActions preinstall node-sass@3.4.2
71 silly decomposeActions build node-sass@3.4.2
72 silly decomposeActions install node-sass@3.4.2
73 silly decomposeActions postinstall node-sass@3.4.2
74 silly decomposeActions finalize node-sass@3.4.2
75 silly decomposeActions fetch node-sass-middleware@0.9.7
76 silly decomposeActions extract node-sass-middleware@0.9.7
77 silly decomposeActions test node-sass-middleware@0.9.7
78 silly decomposeActions preinstall node-sass-middleware@0.9.7
79 silly decomposeActions build node-sass-middleware@0.9.7
80 silly decomposeActions install node-sass-middleware@0.9.7
81 silly decomposeActions postinstall node-sass-middleware@0.9.7
82 silly decomposeActions finalize node-sass-middleware@0.9.7
83 silly executeActions Starting
84 silly install executeActions
85 silly doSerial global-install 0
86 silly doParallel fetch 2
87 verbose lock using C:\Users\christos\AppData\Roaming\npm-cache\_locks\staging-45eb4358176e67db.lock for C:\Users\christos\Documents\mathGame\node_modules\.staging
88 silly doParallel extract 2
89 silly extract node-sass@3.4.2
90 silly extract node-sass-middleware@0.9.7
91 verbose unbuild node_modules\.staging\node-sass-middleware-3df1788e
92 verbose unbuild node_modules\.staging\node-sass-2ea64156
93 silly gentlyRm C:\Users\christos\Documents\mathGame\node_modules\.staging\node-sass-middleware-3df1788e is being purged from base C:\Users\christos\Documents\mathGame
94 verbose gentlyRm don't care about contents; nuking C:\Users\christos\Documents\mathGame\node_modules\.staging\node-sass-middleware-3df1788e
95 silly gentlyRm C:\Users\christos\Documents\mathGame\node_modules\.staging\node-sass-2ea64156 is being purged from base C:\Users\christos\Documents\mathGame
96 verbose gentlyRm don't care about contents; nuking C:\Users\christos\Documents\mathGame\node_modules\.staging\node-sass-2ea64156
97 verbose tar unpack C:\Users\christos\AppData\Roaming\npm-cache\node-sass-middleware\0.9.7\package.tgz
98 verbose tar unpacking to C:\Users\christos\Documents\mathGame\node_modules\.staging\node-sass-middleware-3df1788e
99 silly gentlyRm C:\Users\christos\Documents\mathGame\node_modules\.staging\node-sass-middleware-3df1788e is being purged
100 verbose gentlyRm don't care about contents; nuking C:\Users\christos\Documents\mathGame\node_modules\.staging\node-sass-middleware-3df1788e
101 verbose tar unpack C:\Users\christos\AppData\Roaming\npm-cache\node-sass\3.4.2\package.tgz
102 verbose tar unpacking to C:\Users\christos\Documents\mathGame\node_modules\.staging\node-sass-2ea64156
103 silly gentlyRm C:\Users\christos\Documents\mathGame\node_modules\.staging\node-sass-2ea64156 is being purged
104 verbose gentlyRm don't care about contents; nuking C:\Users\christos\Documents\mathGame\node_modules\.staging\node-sass-2ea64156
105 silly gunzTarPerm modes [ '777', '666' ]
106 silly gunzTarPerm modes [ '777', '666' ]
107 silly gunzTarPerm extractEntry package.json
108 silly gunzTarPerm modified mode [ 'package.json', 436, 438 ]
109 silly gunzTarPerm extractEntry package.json
110 silly gunzTarPerm modified mode [ 'package.json', 420, 438 ]
111 silly gunzTarPerm extractEntry README.md
112 silly gunzTarPerm modified mode [ 'README.md', 420, 438 ]
113 silly gunzTarPerm extractEntry .npmignore
114 silly gunzTarPerm modified mode [ '.npmignore', 436, 438 ]
115 silly gunzTarPerm extractEntry README.md
116 silly gunzTarPerm modified mode [ 'README.md', 436, 438 ]
117 silly gunzTarPerm extractEntry LICENSE
118 silly gunzTarPerm modified mode [ 'LICENSE', 420, 438 ]
119 silly gunzTarPerm extractEntry LICENSE
120 silly gunzTarPerm modified mode [ 'LICENSE', 436, 438 ]
121 silly gunzTarPerm extractEntry middleware.js
122 silly gunzTarPerm modified mode [ 'middleware.js', 436, 438 ]
123 silly gunzTarPerm extractEntry bin/node-sass
124 silly gunzTarPerm modified mode [ 'bin/node-sass', 493, 511 ]
125 silly gunzTarPerm extractEntry binding.gyp
126 silly gunzTarPerm modified mode [ 'binding.gyp', 420, 438 ]
127 silly gunzTarPerm extractEntry lib/extensions.js
128 silly gunzTarPerm modified mode [ 'lib/extensions.js', 420, 438 ]
129 silly gunzTarPerm extractEntry lib/index.js
130 silly gunzTarPerm modified mode [ 'lib/index.js', 420, 438 ]
131 silly gunzTarPerm extractEntry .travis.yml
132 silly gunzTarPerm modified mode [ '.travis.yml', 436, 438 ]
133 silly gunzTarPerm extractEntry lib/render.js
134 silly gunzTarPerm modified mode [ 'lib/render.js', 420, 438 ]
135 silly gunzTarPerm extractEntry scripts/build.js
136 silly gunzTarPerm modified mode [ 'scripts/build.js', 420, 438 ]
137 silly gunzTarPerm extractEntry scripts/coverage.js
138 silly gunzTarPerm modified mode [ 'scripts/coverage.js', 420, 438 ]
139 silly gunzTarPerm extractEntry scripts/install.js
140 silly gunzTarPerm modified mode [ 'scripts/install.js', 420, 438 ]
141 silly gunzTarPerm extractEntry .editorconfig
142 silly gunzTarPerm modified mode [ '.editorconfig', 436, 438 ]
143 silly gunzTarPerm extractEntry .gitattributes
144 silly gunzTarPerm modified mode [ '.gitattributes', 436, 438 ]
145 silly gunzTarPerm extractEntry test/middleware.js
146 silly gunzTarPerm modified mode [ 'test/middleware.js', 436, 438 ]
147 silly gunzTarPerm extractEntry test/index.sass
148 silly gunzTarPerm modified mode [ 'test/index.sass', 436, 438 ]
149 silly gunzTarPerm extractEntry src/custom_importer_bridge.cpp
150 silly gunzTarPerm modified mode [ 'src/custom_importer_bridge.cpp', 420, 438 ]
151 silly gunzTarPerm extractEntry src/binding.cpp
152 silly gunzTarPerm modified mode [ 'src/binding.cpp', 420, 438 ]
153 silly gunzTarPerm extractEntry test/index.scss
154 silly gunzTarPerm modified mode [ 'test/index.scss', 436, 438 ]
155 silly gunzTarPerm extractEntry test/test.sass
156 silly gunzTarPerm modified mode [ 'test/test.sass', 436, 438 ]
157 silly gunzTarPerm extractEntry src/create_string.cpp
158 silly gunzTarPerm modified mode [ 'src/create_string.cpp', 420, 438 ]
159 silly gunzTarPerm extractEntry src/create_string.h
160 silly gunzTarPerm modified mode [ 'src/create_string.h', 420, 438 ]
161 silly gunzTarPerm extractEntry test/test.scss
162 silly gunzTarPerm modified mode [ 'test/test.scss', 436, 438 ]
163 silly gunzTarPerm extractEntry src/custom_function_bridge.cpp
164 silly gunzTarPerm modified mode [ 'src/custom_function_bridge.cpp', 420, 438 ]
165 silly gunzTarPerm extractEntry src/custom_function_bridge.h
166 silly gunzTarPerm modified mode [ 'src/custom_function_bridge.h', 420, 438 ]
167 silly gunzTarPerm extractEntry src/callback_bridge.h
168 silly gunzTarPerm modified mode [ 'src/callback_bridge.h', 420, 438 ]
169 silly gunzTarPerm extractEntry src/custom_importer_bridge.h
170 silly gunzTarPerm modified mode [ 'src/custom_importer_bridge.h', 420, 438 ]
171 silly gunzTarPerm extractEntry src/libsass/.npmignore
172 silly gunzTarPerm modified mode [ 'src/libsass/.npmignore', 420, 438 ]
173 silly gunzTarPerm extractEntry src/libsass/LICENSE
174 silly gunzTarPerm modified mode [ 'src/libsass/LICENSE', 420, 438 ]
175 silly gunzTarPerm extractEntry src/libsass/appveyor.yml
176 silly gunzTarPerm modified mode [ 'src/libsass/appveyor.yml', 420, 438 ]
177 silly gunzTarPerm extractEntry src/libsass/.travis.yml
178 silly gunzTarPerm modified mode [ 'src/libsass/.travis.yml', 420, 438 ]
179 silly gunzTarPerm extractEntry src/libsass/COPYING
180 silly gunzTarPerm modified mode [ 'src/libsass/COPYING', 420, 438 ]
181 silly gunzTarPerm extractEntry src/libsass/GNUmakefile.am
182 silly gunzTarPerm modified mode [ 'src/libsass/GNUmakefile.am', 420, 438 ]
183 silly gunzTarPerm extractEntry src/libsass/INSTALL
184 silly gunzTarPerm modified mode [ 'src/libsass/INSTALL', 420, 438 ]
185 silly gunzTarPerm extractEntry src/libsass/.editorconfig
186 silly gunzTarPerm modified mode [ 'src/libsass/.editorconfig', 420, 438 ]
187 silly gunzTarPerm extractEntry src/libsass/Makefile
188 silly gunzTarPerm modified mode [ 'src/libsass/Makefile', 420, 438 ]
189 silly gunzTarPerm extractEntry src/libsass/Makefile.conf
190 silly gunzTarPerm modified mode [ 'src/libsass/Makefile.conf', 420, 438 ]
191 silly gunzTarPerm extractEntry src/libsass/Readme.md
192 silly gunzTarPerm modified mode [ 'src/libsass/Readme.md', 420, 438 ]
193 silly gunzTarPerm extractEntry src/libsass/SECURITY.md
194 silly gunzTarPerm modified mode [ 'src/libsass/SECURITY.md', 420, 438 ]
195 silly gunzTarPerm extractEntry src/libsass/.gitattributes
196 silly gunzTarPerm modified mode [ 'src/libsass/.gitattributes', 420, 438 ]
197 silly gunzTarPerm extractEntry src/libsass/configure.ac
198 silly gunzTarPerm modified mode [ 'src/libsass/configure.ac', 420, 438 ]
199 silly gentlyRm C:\Users\christos\Documents\mathGame\node_modules\.staging\node-sass-middleware-3df1788e\node_modules is being purged
200 verbose gentlyRm don't care about contents; nuking C:\Users\christos\Documents\mathGame\node_modules\.staging\node-sass-middleware-3df1788e\node_modules
201 silly gunzTarPerm extractEntry src/libsass/contrib/libsass.spec
202 silly gunzTarPerm modified mode [ 'src/libsass/contrib/libsass.spec', 420, 438 ]
203 silly gunzTarPerm extractEntry src/libsass/contrib/plugin.cpp
204 silly gunzTarPerm modified mode [ 'src/libsass/contrib/plugin.cpp', 420, 438 ]
205 silly gunzTarPerm extractEntry src/libsass/docs/README.md
206 silly gunzTarPerm modified mode [ 'src/libsass/docs/README.md', 420, 438 ]
207 silly gunzTarPerm extractEntry src/libsass/docs/unicode.md
208 silly gunzTarPerm modified mode [ 'src/libsass/docs/unicode.md', 420, 438 ]
209 silly gunzTarPerm extractEntry src/libsass/docs/api-context-internal.md
210 silly gunzTarPerm modified mode [ 'src/libsass/docs/api-context-internal.md', 420, 438 ]
211 silly gunzTarPerm extractEntry src/libsass/docs/api-context.md
212 silly gunzTarPerm modified mode [ 'src/libsass/docs/api-context.md', 420, 438 ]
213 silly gunzTarPerm extractEntry src/libsass/docs/api-doc.md
214 silly gunzTarPerm modified mode [ 'src/libsass/docs/api-doc.md', 420, 438 ]
215 silly gunzTarPerm extractEntry src/libsass/docs/api-function-example.md
216 silly gunzTarPerm modified mode [ 'src/libsass/docs/api-function-example.md', 420, 438 ]
217 silly gunzTarPerm extractEntry src/libsass/docs/api-function-internal.md
218 silly gunzTarPerm modified mode [ 'src/libsass/docs/api-function-internal.md', 420, 438 ]
219 silly gunzTarPerm extractEntry src/libsass/docs/api-function.md
220 silly gunzTarPerm modified mode [ 'src/libsass/docs/api-function.md', 420, 438 ]
221 silly gunzTarPerm extractEntry src/libsass/docs/api-importer-example.md
222 silly gunzTarPerm modified mode [ 'src/libsass/docs/api-importer-example.md', 420, 438 ]
223 silly gunzTarPerm extractEntry src/libsass/docs/api-importer-internal.md
224 silly gunzTarPerm modified mode [ 'src/libsass/docs/api-importer-internal.md', 420, 438 ]
225 silly gunzTarPerm extractEntry src/libsass/docs/api-importer.md
226 silly gunzTarPerm modified mode [ 'src/libsass/docs/api-importer.md', 420, 438 ]
227 silly gunzTarPerm extractEntry src/libsass/docs/api-value-example.md
228 silly gunzTarPerm modified mode [ 'src/libsass/docs/api-value-example.md', 420, 438 ]
229 silly gunzTarPerm extractEntry src/libsass/docs/api-value-internal.md
230 silly gunzTarPerm modified mode [ 'src/libsass/docs/api-value-internal.md', 420, 438 ]
231 silly gunzTarPerm extractEntry src/libsass/docs/api-value.md
232 silly gunzTarPerm modified mode [ 'src/libsass/docs/api-value.md', 420, 438 ]
233 silly gunzTarPerm extractEntry src/libsass/docs/build-on-darwin.md
234 silly gunzTarPerm modified mode [ 'src/libsass/docs/build-on-darwin.md', 420, 438 ]
235 silly gunzTarPerm extractEntry src/libsass/docs/build-on-gentoo.md
236 silly gunzTarPerm modified mode [ 'src/libsass/docs/build-on-gentoo.md', 420, 438 ]
237 silly gunzTarPerm extractEntry src/libsass/docs/api-context-example.md
238 silly gunzTarPerm modified mode [ 'src/libsass/docs/api-context-example.md', 420, 438 ]
239 silly gunzTarPerm extractEntry src/libsass/docs/build-shared-library.md
240 silly gunzTarPerm modified mode [ 'src/libsass/docs/build-shared-library.md', 420, 438 ]
241 silly gunzTarPerm extractEntry src/libsass/docs/build-with-autotools.md
242 silly gunzTarPerm modified mode [ 'src/libsass/docs/build-with-autotools.md', 420, 438 ]
243 silly gunzTarPerm extractEntry src/libsass/docs/build-with-makefiles.md
244 silly gunzTarPerm modified mode [ 'src/libsass/docs/build-with-makefiles.md', 420, 438 ]
245 silly gunzTarPerm extractEntry src/libsass/docs/build-with-mingw.md
246 silly gunzTarPerm modified mode [ 'src/libsass/docs/build-with-mingw.md', 420, 438 ]
247 silly gunzTarPerm extractEntry src/libsass/docs/build-with-visual-studio.md
248 silly gunzTarPerm modified mode [ 'src/libsass/docs/build-with-visual-studio.md', 420, 438 ]
249 silly gunzTarPerm extractEntry src/libsass/docs/build.md
250 silly gunzTarPerm modified mode [ 'src/libsass/docs/build.md', 420, 438 ]
251 silly gunzTarPerm extractEntry src/libsass/docs/compatibility-plan.md
252 silly gunzTarPerm modified mode [ 'src/libsass/docs/compatibility-plan.md', 420, 438 ]
253 silly gunzTarPerm extractEntry src/libsass/docs/contributing.md
254 silly gunzTarPerm modified mode [ 'src/libsass/docs/contributing.md', 420, 438 ]
255 silly gunzTarPerm extractEntry src/libsass/docs/custom-functions-internal.md
256 silly gunzTarPerm modified mode [ 'src/libsass/docs/custom-functions-internal.md', 420, 438 ]
257 silly gunzTarPerm extractEntry src/libsass/docs/implementations.md
258 silly gunzTarPerm modified mode [ 'src/libsass/docs/implementations.md', 420, 438 ]
259 silly gunzTarPerm extractEntry src/libsass/docs/plugins.md
260 silly gunzTarPerm modified mode [ 'src/libsass/docs/plugins.md', 420, 438 ]
261 silly gunzTarPerm extractEntry src/libsass/docs/setup-environment.md
262 silly gunzTarPerm modified mode [ 'src/libsass/docs/setup-environment.md', 420, 438 ]
263 silly gunzTarPerm extractEntry src/libsass/docs/source-map-internals.md
264 silly gunzTarPerm modified mode [ 'src/libsass/docs/source-map-internals.md', 420, 438 ]
265 silly gunzTarPerm extractEntry src/libsass/docs/trace.md
266 silly gunzTarPerm modified mode [ 'src/libsass/docs/trace.md', 420, 438 ]
267 silly gunzTarPerm extractEntry src/libsass/docs/triage.md
268 silly gunzTarPerm modified mode [ 'src/libsass/docs/triage.md', 420, 438 ]
269 silly gunzTarPerm extractEntry src/libsass/docs/build-on-windows.md
270 silly gunzTarPerm modified mode [ 'src/libsass/docs/build-on-windows.md', 420, 438 ]
271 silly gunzTarPerm extractEntry src/libsass/extconf.rb
272 silly gunzTarPerm modified mode [ 'src/libsass/extconf.rb', 420, 438 ]
273 silly gunzTarPerm extractEntry src/libsass/include/sass/base.h
274 silly gunzTarPerm modified mode [ 'src/libsass/include/sass/base.h', 420, 438 ]
275 silly gunzTarPerm extractEntry src/libsass/include/sass/context.h
276 silly gunzTarPerm modified mode [ 'src/libsass/include/sass/context.h', 420, 438 ]
277 silly gunzTarPerm extractEntry src/libsass/include/sass/functions.h
278 silly gunzTarPerm modified mode [ 'src/libsass/include/sass/functions.h', 420, 438 ]
279 silly gunzTarPerm extractEntry src/libsass/include/sass/interface.h
280 silly gunzTarPerm modified mode [ 'src/libsass/include/sass/interface.h', 420, 438 ]
281 silly gunzTarPerm extractEntry src/libsass/include/sass/values.h
282 silly gunzTarPerm modified mode [ 'src/libsass/include/sass/values.h', 420, 438 ]
283 silly gunzTarPerm extractEntry src/libsass/include/sass/version.h
284 silly gunzTarPerm modified mode [ 'src/libsass/include/sass/version.h', 420, 438 ]
285 silly gunzTarPerm extractEntry src/libsass/include/sass/version.h.in
286 silly gunzTarPerm modified mode [ 'src/libsass/include/sass/version.h.in', 420, 438 ]
287 silly gunzTarPerm extractEntry src/libsass/include/sass.h
288 silly gunzTarPerm modified mode [ 'src/libsass/include/sass.h', 420, 438 ]
289 silly gunzTarPerm extractEntry src/libsass/include/sass2scss.h
290 silly gunzTarPerm modified mode [ 'src/libsass/include/sass2scss.h', 420, 438 ]
291 silly gunzTarPerm extractEntry src/libsass/m4/.gitkeep
292 silly gunzTarPerm modified mode [ 'src/libsass/m4/.gitkeep', 420, 438 ]
293 silly gunzTarPerm extractEntry src/libsass/m4/m4-ax_cxx_compile_stdcxx_11.m4
294 silly gunzTarPerm modified mode [ 'src/libsass/m4/m4-ax_cxx_compile_stdcxx_11.m4', 420, 438 ]
295 silly gunzTarPerm extractEntry src/libsass/res/resource.rc
296 silly gunzTarPerm modified mode [ 'src/libsass/res/resource.rc', 420, 438 ]
297 silly gunzTarPerm extractEntry src/libsass/script/bootstrap
298 silly gunzTarPerm modified mode [ 'src/libsass/script/bootstrap', 493, 511 ]
299 silly gunzTarPerm extractEntry src/libsass/script/branding
300 silly gunzTarPerm modified mode [ 'src/libsass/script/branding', 493, 511 ]
301 silly gunzTarPerm extractEntry src/libsass/script/ci-build-libsass
302 silly gunzTarPerm modified mode [ 'src/libsass/script/ci-build-libsass', 493, 511 ]
303 silly gunzTarPerm extractEntry src/libsass/script/ci-install-compiler
304 silly gunzTarPerm modified mode [ 'src/libsass/script/ci-install-compiler', 493, 511 ]
305 silly gunzTarPerm extractEntry src/libsass/script/ci-install-deps
306 silly gunzTarPerm modified mode [ 'src/libsass/script/ci-install-deps', 493, 511 ]
307 silly gunzTarPerm extractEntry src/libsass/script/ci-report-coverage
308 silly gunzTarPerm modified mode [ 'src/libsass/script/ci-report-coverage', 493, 511 ]
309 silly gunzTarPerm extractEntry src/libsass/script/spec
310 silly gunzTarPerm modified mode [ 'src/libsass/script/spec', 493, 511 ]
311 silly gunzTarPerm extractEntry src/libsass/script/tap-driver
312 silly gunzTarPerm modified mode [ 'src/libsass/script/tap-driver', 493, 511 ]
313 silly gunzTarPerm extractEntry src/libsass/script/tap-runner
314 silly gunzTarPerm modified mode [ 'src/libsass/script/tap-runner', 493, 511 ]
315 silly gunzTarPerm extractEntry src/libsass/src/mapping.hpp
316 silly gunzTarPerm modified mode [ 'src/libsass/src/mapping.hpp', 420, 438 ]
317 silly gunzTarPerm extractEntry src/libsass/src/GNUmakefile.am
318 silly gunzTarPerm modified mode [ 'src/libsass/src/GNUmakefile.am', 420, 438 ]
319 silly gunzTarPerm extractEntry src/libsass/src/ast.hpp
320 silly gunzTarPerm modified mode [ 'src/libsass/src/ast.hpp', 420, 438 ]
321 silly gunzTarPerm extractEntry src/libsass/src/ast_def_macros.hpp
322 silly gunzTarPerm modified mode [ 'src/libsass/src/ast_def_macros.hpp', 420, 438 ]
323 silly gunzTarPerm extractEntry src/libsass/src/ast_factory.hpp
324 silly gunzTarPerm modified mode [ 'src/libsass/src/ast_factory.hpp', 420, 438 ]
325 silly gunzTarPerm extractEntry src/libsass/src/ast_fwd_decl.hpp
326 silly gunzTarPerm modified mode [ 'src/libsass/src/ast_fwd_decl.hpp', 420, 438 ]
327 silly gunzTarPerm extractEntry src/libsass/src/b64/cencode.h
328 silly gunzTarPerm modified mode [ 'src/libsass/src/b64/cencode.h', 420, 438 ]
329 silly gunzTarPerm extractEntry src/libsass/src/b64/encode.h
330 silly gunzTarPerm modified mode [ 'src/libsass/src/b64/encode.h', 420, 438 ]
331 silly gunzTarPerm extractEntry src/libsass/src/backtrace.hpp
332 silly gunzTarPerm modified mode [ 'src/libsass/src/backtrace.hpp', 420, 438 ]
333 silly gunzTarPerm extractEntry src/libsass/src/base64vlq.cpp
334 silly gunzTarPerm modified mode [ 'src/libsass/src/base64vlq.cpp', 420, 438 ]
335 silly gunzTarPerm extractEntry src/libsass/src/base64vlq.hpp
336 silly gunzTarPerm modified mode [ 'src/libsass/src/base64vlq.hpp', 420, 438 ]
337 silly gunzTarPerm extractEntry src/libsass/src/bind.cpp
338 silly gunzTarPerm modified mode [ 'src/libsass/src/bind.cpp', 420, 438 ]
339 silly gunzTarPerm extractEntry src/libsass/src/bind.hpp
340 silly gunzTarPerm modified mode [ 'src/libsass/src/bind.hpp', 420, 438 ]
341 silly gunzTarPerm extractEntry src/libsass/src/c99func.c
342 silly gunzTarPerm modified mode [ 'src/libsass/src/c99func.c', 420, 438 ]
343 silly gunzTarPerm extractEntry src/libsass/src/cencode.c
344 silly gunzTarPerm modified mode [ 'src/libsass/src/cencode.c', 420, 438 ]
345 silly gunzTarPerm extractEntry src/libsass/src/color_maps.cpp
346 silly gunzTarPerm modified mode [ 'src/libsass/src/color_maps.cpp', 420, 438 ]
347 silly gunzTarPerm extractEntry src/libsass/src/color_maps.hpp
348 silly gunzTarPerm modified mode [ 'src/libsass/src/color_maps.hpp', 420, 438 ]
349 silly gunzTarPerm extractEntry src/libsass/src/constants.cpp
350 silly gunzTarPerm modified mode [ 'src/libsass/src/constants.cpp', 420, 438 ]
351 silly gunzTarPerm extractEntry src/libsass/src/constants.hpp
352 silly gunzTarPerm modified mode [ 'src/libsass/src/constants.hpp', 420, 438 ]
353 silly gunzTarPerm extractEntry src/libsass/src/context.cpp
354 silly gunzTarPerm modified mode [ 'src/libsass/src/context.cpp', 420, 438 ]
355 silly gunzTarPerm extractEntry src/libsass/src/context.hpp
356 silly gunzTarPerm modified mode [ 'src/libsass/src/context.hpp', 420, 438 ]
357 silly gunzTarPerm extractEntry src/libsass/src/cssize.cpp
358 silly gunzTarPerm modified mode [ 'src/libsass/src/cssize.cpp', 420, 438 ]
359 silly gunzTarPerm extractEntry src/libsass/src/cssize.hpp
360 silly gunzTarPerm modified mode [ 'src/libsass/src/cssize.hpp', 420, 438 ]
361 silly gunzTarPerm extractEntry src/libsass/src/debug.hpp
362 silly gunzTarPerm modified mode [ 'src/libsass/src/debug.hpp', 420, 438 ]
363 silly gunzTarPerm extractEntry src/libsass/src/debugger.hpp
364 silly gunzTarPerm modified mode [ 'src/libsass/src/debugger.hpp', 420, 438 ]
365 silly gunzTarPerm extractEntry src/libsass/src/emitter.cpp
366 silly gunzTarPerm modified mode [ 'src/libsass/src/emitter.cpp', 420, 438 ]
367 silly gunzTarPerm extractEntry src/libsass/src/emitter.hpp
368 silly gunzTarPerm modified mode [ 'src/libsass/src/emitter.hpp', 420, 438 ]
369 silly gunzTarPerm extractEntry src/libsass/src/environment.cpp
370 silly gunzTarPerm modified mode [ 'src/libsass/src/environment.cpp', 420, 438 ]
371 silly gunzTarPerm extractEntry src/libsass/src/environment.hpp
372 silly gunzTarPerm modified mode [ 'src/libsass/src/environment.hpp', 420, 438 ]
373 silly gunzTarPerm extractEntry src/libsass/src/error_handling.cpp
374 silly gunzTarPerm modified mode [ 'src/libsass/src/error_handling.cpp', 420, 438 ]
375 silly gunzTarPerm extractEntry src/libsass/src/error_handling.hpp
376 silly gunzTarPerm modified mode [ 'src/libsass/src/error_handling.hpp', 420, 438 ]
377 silly gunzTarPerm extractEntry src/libsass/src/eval.cpp
378 silly gunzTarPerm modified mode [ 'src/libsass/src/eval.cpp', 420, 438 ]
379 silly gunzTarPerm extractEntry src/libsass/src/eval.hpp
380 silly gunzTarPerm modified mode [ 'src/libsass/src/eval.hpp', 420, 438 ]
381 silly gunzTarPerm extractEntry src/libsass/src/expand.cpp
382 silly gunzTarPerm modified mode [ 'src/libsass/src/expand.cpp', 420, 438 ]
383 silly gunzTarPerm extractEntry src/libsass/src/expand.hpp
384 silly gunzTarPerm modified mode [ 'src/libsass/src/expand.hpp', 420, 438 ]
385 silly gunzTarPerm extractEntry src/libsass/src/extend.cpp
386 silly gunzTarPerm modified mode [ 'src/libsass/src/extend.cpp', 420, 438 ]
387 silly gunzTarPerm extractEntry src/libsass/src/extend.hpp
388 silly gunzTarPerm modified mode [ 'src/libsass/src/extend.hpp', 420, 438 ]
389 silly gunzTarPerm extractEntry src/libsass/src/file.cpp
390 silly gunzTarPerm modified mode [ 'src/libsass/src/file.cpp', 420, 438 ]
391 silly gunzTarPerm extractEntry src/libsass/src/file.hpp
392 silly gunzTarPerm modified mode [ 'src/libsass/src/file.hpp', 420, 438 ]
393 silly gunzTarPerm extractEntry src/libsass/src/functions.cpp
394 silly gunzTarPerm modified mode [ 'src/libsass/src/functions.cpp', 420, 438 ]
395 silly gunzTarPerm extractEntry src/libsass/src/functions.hpp
396 silly gunzTarPerm modified mode [ 'src/libsass/src/functions.hpp', 420, 438 ]
397 silly gunzTarPerm extractEntry src/libsass/src/inspect.cpp
398 silly gunzTarPerm modified mode [ 'src/libsass/src/inspect.cpp', 420, 438 ]
399 silly gunzTarPerm extractEntry src/libsass/src/inspect.hpp
400 silly gunzTarPerm modified mode [ 'src/libsass/src/inspect.hpp', 420, 438 ]
401 silly gunzTarPerm extractEntry src/libsass/src/json.cpp
402 silly gunzTarPerm modified mode [ 'src/libsass/src/json.cpp', 420, 438 ]
403 silly gunzTarPerm extractEntry src/libsass/src/json.hpp
404 silly gunzTarPerm modified mode [ 'src/libsass/src/json.hpp', 420, 438 ]
405 silly gunzTarPerm extractEntry src/libsass/src/kwd_arg_macros.hpp
406 silly gunzTarPerm modified mode [ 'src/libsass/src/kwd_arg_macros.hpp', 420, 438 ]
407 silly gunzTarPerm extractEntry src/libsass/src/lexer.cpp
408 silly gunzTarPerm modified mode [ 'src/libsass/src/lexer.cpp', 420, 438 ]
409 silly gunzTarPerm extractEntry src/libsass/src/lexer.hpp
410 silly gunzTarPerm modified mode [ 'src/libsass/src/lexer.hpp', 420, 438 ]
411 silly gunzTarPerm extractEntry src/libsass/src/listize.cpp
412 silly gunzTarPerm modified mode [ 'src/libsass/src/listize.cpp', 420, 438 ]
413 silly gunzTarPerm extractEntry src/libsass/src/listize.hpp
414 silly gunzTarPerm modified mode [ 'src/libsass/src/listize.hpp', 420, 438 ]
415 silly gunzTarPerm extractEntry src/libsass/src/ast.cpp
416 silly gunzTarPerm modified mode [ 'src/libsass/src/ast.cpp', 420, 438 ]
417 silly gunzTarPerm extractEntry src/libsass/src/memory_manager.cpp
418 silly gunzTarPerm modified mode [ 'src/libsass/src/memory_manager.cpp', 420, 438 ]
419 silly gunzTarPerm extractEntry src/libsass/src/memory_manager.hpp
420 silly gunzTarPerm modified mode [ 'src/libsass/src/memory_manager.hpp', 420, 438 ]
421 silly gunzTarPerm extractEntry src/libsass/src/node.cpp
422 silly gunzTarPerm modified mode [ 'src/libsass/src/node.cpp', 420, 438 ]
423 silly gunzTarPerm extractEntry src/libsass/src/node.hpp
424 silly gunzTarPerm modified mode [ 'src/libsass/src/node.hpp', 420, 438 ]
425 silly gunzTarPerm extractEntry src/libsass/src/operation.hpp
426 silly gunzTarPerm modified mode [ 'src/libsass/src/operation.hpp', 420, 438 ]
427 silly gunzTarPerm extractEntry src/libsass/src/output.cpp
428 silly gunzTarPerm modified mode [ 'src/libsass/src/output.cpp', 420, 438 ]
429 silly gunzTarPerm extractEntry src/libsass/src/output.hpp
430 silly gunzTarPerm modified mode [ 'src/libsass/src/output.hpp', 420, 438 ]
431 silly gunzTarPerm extractEntry src/libsass/src/parser.cpp
432 silly gunzTarPerm modified mode [ 'src/libsass/src/parser.cpp', 420, 438 ]
433 silly gunzTarPerm extractEntry src/libsass/src/parser.hpp
434 silly gunzTarPerm modified mode [ 'src/libsass/src/parser.hpp', 420, 438 ]
435 silly gunzTarPerm extractEntry src/libsass/src/paths.hpp
436 silly gunzTarPerm modified mode [ 'src/libsass/src/paths.hpp', 420, 438 ]
437 silly gunzTarPerm extractEntry src/libsass/src/plugins.cpp
438 silly gunzTarPerm modified mode [ 'src/libsass/src/plugins.cpp', 420, 438 ]
439 silly gunzTarPerm extractEntry src/libsass/src/plugins.hpp
440 silly gunzTarPerm modified mode [ 'src/libsass/src/plugins.hpp', 420, 438 ]
441 silly gunzTarPerm extractEntry src/libsass/src/position.cpp
442 silly gunzTarPerm modified mode [ 'src/libsass/src/position.cpp', 420, 438 ]
443 silly gunzTarPerm extractEntry src/libsass/src/position.hpp
444 silly gunzTarPerm modified mode [ 'src/libsass/src/position.hpp', 420, 438 ]
445 silly gunzTarPerm extractEntry src/libsass/src/prelexer.cpp
446 silly gunzTarPerm modified mode [ 'src/libsass/src/prelexer.cpp', 420, 438 ]
447 silly gunzTarPerm extractEntry src/libsass/src/prelexer.hpp
448 silly gunzTarPerm modified mode [ 'src/libsass/src/prelexer.hpp', 420, 438 ]
449 silly gunzTarPerm extractEntry src/libsass/src/remove_placeholders.cpp
450 silly gunzTarPerm modified mode [ 'src/libsass/src/remove_placeholders.cpp', 420, 438 ]
451 silly gunzTarPerm extractEntry src/libsass/src/remove_placeholders.hpp
452 silly gunzTarPerm modified mode [ 'src/libsass/src/remove_placeholders.hpp', 420, 438 ]
453 silly gunzTarPerm extractEntry src/libsass/src/sass.cpp
454 silly gunzTarPerm modified mode [ 'src/libsass/src/sass.cpp', 420, 438 ]
455 silly gunzTarPerm extractEntry src/libsass/src/sass2scss.cpp
456 silly gunzTarPerm modified mode [ 'src/libsass/src/sass2scss.cpp', 420, 438 ]
457 silly gunzTarPerm extractEntry src/libsass/src/sass_context.cpp
458 silly gunzTarPerm modified mode [ 'src/libsass/src/sass_context.cpp', 420, 438 ]
459 silly gunzTarPerm extractEntry src/libsass/src/sass_context.hpp
460 silly gunzTarPerm modified mode [ 'src/libsass/src/sass_context.hpp', 420, 438 ]
461 silly gunzTarPerm extractEntry src/libsass/src/sass_functions.cpp
462 silly gunzTarPerm modified mode [ 'src/libsass/src/sass_functions.cpp', 420, 438 ]
463 silly gunzTarPerm extractEntry src/libsass/src/sass_functions.hpp
464 silly gunzTarPerm modified mode [ 'src/libsass/src/sass_functions.hpp', 420, 438 ]
465 silly gunzTarPerm extractEntry src/libsass/src/sass_interface.cpp
466 silly gunzTarPerm modified mode [ 'src/libsass/src/sass_interface.cpp', 420, 438 ]
467 silly gunzTarPerm extractEntry src/libsass/src/sass_util.cpp
468 silly gunzTarPerm modified mode [ 'src/libsass/src/sass_util.cpp', 420, 438 ]
469 silly gunzTarPerm extractEntry src/libsass/src/sass_util.hpp
470 silly gunzTarPerm modified mode [ 'src/libsass/src/sass_util.hpp', 420, 438 ]
471 silly gunzTarPerm extractEntry src/libsass/src/sass_values.cpp
472 silly gunzTarPerm modified mode [ 'src/libsass/src/sass_values.cpp', 420, 438 ]
473 silly gunzTarPerm extractEntry src/libsass/src/sass_values.hpp
474 silly gunzTarPerm modified mode [ 'src/libsass/src/sass_values.hpp', 420, 438 ]
475 silly gunzTarPerm extractEntry src/libsass/src/source_map.cpp
476 silly gunzTarPerm modified mode [ 'src/libsass/src/source_map.cpp', 420, 438 ]
477 silly gunzTarPerm extractEntry src/libsass/src/source_map.hpp
478 silly gunzTarPerm modified mode [ 'src/libsass/src/source_map.hpp', 420, 438 ]
479 silly gunzTarPerm extractEntry src/libsass/src/subset_map.hpp
480 silly gunzTarPerm modified mode [ 'src/libsass/src/subset_map.hpp', 420, 438 ]
481 silly gunzTarPerm extractEntry src/libsass/src/support/libsass.pc.in
482 silly gunzTarPerm modified mode [ 'src/libsass/src/support/libsass.pc.in', 420, 438 ]
483 silly gunzTarPerm extractEntry src/libsass/src/to_c.cpp
484 silly gunzTarPerm modified mode [ 'src/libsass/src/to_c.cpp', 420, 438 ]
485 silly gunzTarPerm extractEntry src/libsass/src/to_c.hpp
486 silly gunzTarPerm modified mode [ 'src/libsass/src/to_c.hpp', 420, 438 ]
487 silly gunzTarPerm extractEntry src/libsass/src/to_string.cpp
488 silly gunzTarPerm modified mode [ 'src/libsass/src/to_string.cpp', 420, 438 ]
489 silly gunzTarPerm extractEntry src/libsass/src/to_string.hpp
490 silly gunzTarPerm modified mode [ 'src/libsass/src/to_string.hpp', 420, 438 ]
491 silly gunzTarPerm extractEntry src/libsass/src/to_value.cpp
492 silly gunzTarPerm modified mode [ 'src/libsass/src/to_value.cpp', 420, 438 ]
493 silly gunzTarPerm extractEntry src/libsass/src/to_value.hpp
494 silly gunzTarPerm modified mode [ 'src/libsass/src/to_value.hpp', 420, 438 ]
495 silly gunzTarPerm extractEntry src/libsass/src/units.cpp
496 silly gunzTarPerm modified mode [ 'src/libsass/src/units.cpp', 420, 438 ]
497 silly gunzTarPerm extractEntry src/libsass/src/units.hpp
498 silly gunzTarPerm modified mode [ 'src/libsass/src/units.hpp', 420, 438 ]
499 silly gunzTarPerm extractEntry src/libsass/src/utf8/checked.h
500 silly gunzTarPerm modified mode [ 'src/libsass/src/utf8/checked.h', 420, 438 ]
501 silly gunzTarPerm extractEntry src/libsass/src/utf8/core.h
502 silly gunzTarPerm modified mode [ 'src/libsass/src/utf8/core.h', 420, 438 ]
503 silly gunzTarPerm extractEntry src/libsass/src/utf8/unchecked.h
504 silly gunzTarPerm modified mode [ 'src/libsass/src/utf8/unchecked.h', 420, 438 ]
505 silly gunzTarPerm extractEntry src/libsass/src/utf8.h
506 silly gunzTarPerm modified mode [ 'src/libsass/src/utf8.h', 420, 438 ]
507 silly gunzTarPerm extractEntry src/libsass/src/utf8_string.cpp
508 silly gunzTarPerm modified mode [ 'src/libsass/src/utf8_string.cpp', 420, 438 ]
509 silly gunzTarPerm extractEntry src/libsass/src/utf8_string.hpp
510 silly gunzTarPerm modified mode [ 'src/libsass/src/utf8_string.hpp', 420, 438 ]
511 silly gunzTarPerm extractEntry src/libsass/src/util.cpp
512 silly gunzTarPerm modified mode [ 'src/libsass/src/util.cpp', 420, 438 ]
513 silly gunzTarPerm extractEntry src/libsass/src/util.hpp
514 silly gunzTarPerm modified mode [ 'src/libsass/src/util.hpp', 420, 438 ]
515 silly gunzTarPerm extractEntry src/libsass/src/values.cpp
516 silly gunzTarPerm modified mode [ 'src/libsass/src/values.cpp', 420, 438 ]
517 silly gunzTarPerm extractEntry src/libsass/src/values.hpp
518 silly gunzTarPerm modified mode [ 'src/libsass/src/values.hpp', 420, 438 ]
519 silly gunzTarPerm extractEntry src/libsass/test/test_node.cpp
520 silly gunzTarPerm modified mode [ 'src/libsass/test/test_node.cpp', 420, 438 ]
521 silly gunzTarPerm extractEntry src/libsass/test/test_paths.cpp
522 silly gunzTarPerm modified mode [ 'src/libsass/test/test_paths.cpp', 420, 438 ]
523 silly gunzTarPerm extractEntry src/libsass/test/test_selector_difference.cpp
524 silly gunzTarPerm modified mode [ 'src/libsass/test/test_selector_difference.cpp', 420, 438 ]
525 silly gunzTarPerm extractEntry src/libsass/test/test_specificity.cpp
526 silly gunzTarPerm modified mode [ 'src/libsass/test/test_specificity.cpp', 420, 438 ]
527 silly gunzTarPerm extractEntry src/libsass/test/test_subset_map.cpp
528 silly gunzTarPerm modified mode [ 'src/libsass/test/test_subset_map.cpp', 420, 438 ]
529 silly gunzTarPerm extractEntry src/libsass/test/test_superselector.cpp
530 silly gunzTarPerm modified mode [ 'src/libsass/test/test_superselector.cpp', 420, 438 ]
531 silly gunzTarPerm extractEntry src/libsass/test/test_unification.cpp
532 silly gunzTarPerm modified mode [ 'src/libsass/test/test_unification.cpp', 420, 438 ]
533 silly gunzTarPerm extractEntry src/libsass/version.sh
534 silly gunzTarPerm modified mode [ 'src/libsass/version.sh', 493, 511 ]
535 silly gunzTarPerm extractEntry src/libsass/win/libsass.sln
536 silly gunzTarPerm modified mode [ 'src/libsass/win/libsass.sln', 420, 438 ]
537 silly gunzTarPerm extractEntry src/libsass/win/libsass.targets
538 silly gunzTarPerm modified mode [ 'src/libsass/win/libsass.targets', 420, 438 ]
539 silly gunzTarPerm extractEntry src/libsass/win/libsass.vcxproj
540 silly gunzTarPerm modified mode [ 'src/libsass/win/libsass.vcxproj', 420, 438 ]
541 silly gunzTarPerm extractEntry src/libsass/win/libsass.vcxproj.filters
542 silly gunzTarPerm modified mode [ 'src/libsass/win/libsass.vcxproj.filters', 420, 438 ]
543 silly gunzTarPerm extractEntry src/libsass.gyp
544 silly gunzTarPerm modified mode [ 'src/libsass.gyp', 420, 438 ]
545 silly gunzTarPerm extractEntry src/sass_context_wrapper.cpp
546 silly gunzTarPerm modified mode [ 'src/sass_context_wrapper.cpp', 420, 438 ]
547 silly gunzTarPerm extractEntry src/sass_context_wrapper.h
548 silly gunzTarPerm modified mode [ 'src/sass_context_wrapper.h', 420, 438 ]
549 silly gunzTarPerm extractEntry src/sass_types/map.cpp
550 silly gunzTarPerm modified mode [ 'src/sass_types/map.cpp', 420, 438 ]
551 silly gunzTarPerm extractEntry src/sass_types/boolean.cpp
552 silly gunzTarPerm modified mode [ 'src/sass_types/boolean.cpp', 420, 438 ]
553 silly gunzTarPerm extractEntry src/sass_types/color.cpp
554 silly gunzTarPerm modified mode [ 'src/sass_types/color.cpp', 420, 438 ]
555 silly gunzTarPerm extractEntry src/sass_types/color.h
556 silly gunzTarPerm modified mode [ 'src/sass_types/color.h', 420, 438 ]
557 silly gunzTarPerm extractEntry src/sass_types/error.cpp
558 silly gunzTarPerm modified mode [ 'src/sass_types/error.cpp', 420, 438 ]
559 silly gunzTarPerm extractEntry src/sass_types/error.h
560 silly gunzTarPerm modified mode [ 'src/sass_types/error.h', 420, 438 ]
561 silly gunzTarPerm extractEntry src/sass_types/factory.cpp
562 silly gunzTarPerm modified mode [ 'src/sass_types/factory.cpp', 420, 438 ]
563 silly gunzTarPerm extractEntry src/sass_types/factory.h
564 silly gunzTarPerm modified mode [ 'src/sass_types/factory.h', 420, 438 ]
565 silly gunzTarPerm extractEntry src/sass_types/list.cpp
566 silly gunzTarPerm modified mode [ 'src/sass_types/list.cpp', 420, 438 ]
567 silly gunzTarPerm extractEntry src/sass_types/list.h
568 silly gunzTarPerm modified mode [ 'src/sass_types/list.h', 420, 438 ]
569 silly gunzTarPerm extractEntry src/sass_types/boolean.h
570 silly gunzTarPerm modified mode [ 'src/sass_types/boolean.h', 420, 438 ]
571 silly gunzTarPerm extractEntry src/sass_types/map.h
572 silly gunzTarPerm modified mode [ 'src/sass_types/map.h', 420, 438 ]
573 silly gunzTarPerm extractEntry src/sass_types/null.cpp
574 silly gunzTarPerm modified mode [ 'src/sass_types/null.cpp', 420, 438 ]
575 silly gunzTarPerm extractEntry src/sass_types/null.h
576 silly gunzTarPerm modified mode [ 'src/sass_types/null.h', 420, 438 ]
577 silly gunzTarPerm extractEntry src/sass_types/number.cpp
578 silly gunzTarPerm modified mode [ 'src/sass_types/number.cpp', 420, 438 ]
579 silly gunzTarPerm extractEntry src/sass_types/number.h
580 silly gunzTarPerm modified mode [ 'src/sass_types/number.h', 420, 438 ]
581 silly gunzTarPerm extractEntry src/sass_types/sass_value_wrapper.h
582 silly gunzTarPerm modified mode [ 'src/sass_types/sass_value_wrapper.h', 420, 438 ]
583 silly gunzTarPerm extractEntry src/sass_types/string.cpp
584 silly gunzTarPerm modified mode [ 'src/sass_types/string.cpp', 420, 438 ]
585 silly gunzTarPerm extractEntry src/sass_types/string.h
586 silly gunzTarPerm modified mode [ 'src/sass_types/string.h', 420, 438 ]
587 silly gunzTarPerm extractEntry src/sass_types/value.h
588 silly gunzTarPerm modified mode [ 'src/sass_types/value.h', 420, 438 ]
589 silly gentlyRm C:\Users\christos\Documents\mathGame\node_modules\.staging\node-sass-2ea64156\node_modules is being purged
590 verbose gentlyRm don't care about contents; nuking C:\Users\christos\Documents\mathGame\node_modules\.staging\node-sass-2ea64156\node_modules
591 silly doParallel preinstall 2
592 silly preinstall node-sass@3.4.2 C:\Users\christos\Documents\mathGame\node_modules\.staging\node-sass-2ea64156
593 info lifecycle node-sass@3.4.2~preinstall: node-sass@3.4.2
594 silly preinstall node-sass-middleware@0.9.7 C:\Users\christos\Documents\mathGame\node_modules\.staging\node-sass-middleware-3df1788e
595 info lifecycle node-sass-middleware@0.9.7~preinstall: node-sass-middleware@0.9.7
596 silly lifecycle node-sass@3.4.2~preinstall: no script for preinstall, continuing
597 silly lifecycle node-sass-middleware@0.9.7~preinstall: no script for preinstall, continuing
598 silly doReverseSerial remove 0
599 silly doSerial move 0
600 silly doSerial finalize 2
601 silly finalize C:\Users\christos\Documents\mathGame\node_modules\node-sass
602 verbose unlock done using C:\Users\christos\AppData\Roaming\npm-cache\_locks\staging-45eb4358176e67db.lock for C:\Users\christos\Documents\mathGame\node_modules\.staging
603 silly rollbackFailedOptional Starting
604 silly rollbackFailedOptional Finishing
605 silly runTopLevelLifecycles Starting
606 silly runTopLevelLifecycles Finishing
607 silly install printInstalled
608 warn babel-loader@6.2.4 requires a peer of webpack@1 || ^2.1.0-beta but none was installed.
609 warn sass-loader@3.1.2 requires a peer of webpack@^1.12.6 but none was installed.
610 warn play@1.0.0 No repository field.
611 verbose stack Error: EPERM: operation not permitted, rename 'C:\Users\christos\Documents\mathGame\node_modules\node-sass' -> 'C:\Users\christos\Documents\mathGame\node_modules\.node-sass.DELETE'
611 verbose stack     at moveAway (C:\Users\christos\AppData\Roaming\npm\node_modules\npm\lib\install\action\finalize.js:38:5)
611 verbose stack     at destStatted (C:\Users\christos\AppData\Roaming\npm\node_modules\npm\lib\install\action\finalize.js:27:7)
611 verbose stack     at FSReqWrap.oncomplete (fs.js:82:15)
611 verbose stack
611 verbose stack Error: EPERM: operation not permitted, rename 'C:\Users\christos\Documents\mathGame\node_modules\node-sass' -> 'C:\Users\christos\Documents\mathGame\node_modules\.node-sass.DELETE'
611 verbose stack     at Error (native)
612 verbose cwd C:\Users\christos\Documents\mathGame
613 error Windows_NT 6.1.7601
614 error argv "C:\\Program Files\\nodejs\\node.exe" "C:\\Users\\christos\\AppData\\Roaming\\npm\\node_modules\\npm\\bin\\npm-cli.js" "install" "imports-loader" "--save"
615 error node v4.2.3
616 error npm  v3.5.2
617 error path C:\Users\christos\Documents\mathGame\node_modules\node-sass
618 error code EPERM
619 error errno -4048
620 error syscall rename
621 error Error: EPERM: operation not permitted, rename 'C:\Users\christos\Documents\mathGame\node_modules\node-sass' -> 'C:\Users\christos\Documents\mathGame\node_modules\.node-sass.DELETE'
621 error     at moveAway (C:\Users\christos\AppData\Roaming\npm\node_modules\npm\lib\install\action\finalize.js:38:5)
621 error     at destStatted (C:\Users\christos\AppData\Roaming\npm\node_modules\npm\lib\install\action\finalize.js:27:7)
621 error     at FSReqWrap.oncomplete (fs.js:82:15)
621 error
621 error Error: EPERM: operation not permitted, rename 'C:\Users\christos\Documents\mathGame\node_modules\node-sass' -> 'C:\Users\christos\Documents\mathGame\node_modules\.node-sass.DELETE'
621 error     at Error (native)
621 error  { [Error: EPERM: operation not permitted, rename 'C:\Users\christos\Documents\mathGame\node_modules\node-sass' -> 'C:\Users\christos\Documents\mathGame\node_modules\.node-sass.DELETE'] parent: 'play' }
622 error Please try running this command again as root/Administrator.
623 verbose exit [ -4048, true ]
